CSDP 6.2.0
Iter:  0 Ap: 0.00e+00 Pobj:  2.3704672e+05 Ad: 0.00e+00 Dobj:  0.0000000e+00 
Iter:  1 Ap: 1.02e-01 Pobj:  9.3515641e+03 Ad: 1.31e-01 Dobj:  5.8122355e+00 
Iter:  2 Ap: 5.59e-02 Pobj:  9.6689497e+03 Ad: 2.47e-01 Dobj:  5.0872538e+01 
Iter:  3 Ap: 5.69e-02 Pobj:  8.8727439e+03 Ad: 3.64e-01 Dobj:  1.9795214e+02 
Iter:  4 Ap: 2.04e-01 Pobj:  4.9454606e+03 Ad: 2.39e-01 Dobj:  3.7920111e+02 
Iter:  5 Ap: 7.99e-02 Pobj:  3.9527307e+03 Ad: 2.17e-01 Dobj:  6.8563501e+02 
Iter:  6 Ap: 4.31e-02 Pobj:  3.5602095e+03 Ad: 2.17e-01 Dobj:  1.1280517e+03 
Iter:  7 Ap: 5.72e-02 Pobj:  3.1814132e+03 Ad: 3.75e-01 Dobj:  1.9934175e+03 
Iter:  8 Ap: 1.89e-01 Pobj:  2.1592962e+03 Ad: 9.13e-01 Dobj:  4.2763353e+03 
Iter:  9 Ap: 7.45e-02 Pobj:  1.8848572e+03 Ad: 3.64e-01 Dobj:  5.1900987e+03 
Iter: 10 Ap: 1.14e-01 Pobj:  1.5431860e+03 Ad: 4.93e-01 Dobj:  6.3782792e+03 
Iter: 11 Ap: 9.44e-02 Pobj:  1.3185097e+03 Ad: 3.01e-01 Dobj:  7.1711449e+03 
Iter: 12 Ap: 7.29e-02 Pobj:  1.1774666e+03 Ad: 5.25e-01 Dobj:  8.5386519e+03 
Iter: 13 Ap: 1.49e-01 Pobj:  9.5298724e+02 Ad: 7.16e-01 Dobj:  9.9162215e+03 
Iter: 14 Ap: 2.58e-01 Pobj:  6.7185453e+02 Ad: 1.00e+00 Dobj:  1.1110222e+04 
Iter: 15 Ap: 5.04e-01 Pobj:  3.0042179e+02 Ad: 1.00e+00 Dobj:  1.2013188e+04 
Iter: 16 Ap: 6.07e-01 Pobj:  1.0388052e+02 Ad: 1.00e+00 Dobj:  1.2812820e+04 
Iter: 17 Ap: 6.73e-01 Pobj:  2.9042731e+01 Ad: 1.00e+00 Dobj:  1.3588762e+04 
Iter: 18 Ap: 7.28e-01 Pobj:  6.5383092e+00 Ad: 1.00e+00 Dobj:  1.4361398e+04 
Iter: 19 Ap: 7.69e-01 Pobj:  1.2023708e+00 Ad: 1.00e+00 Dobj:  1.5141818e+04 
Iter: 20 Ap: 7.89e-01 Pobj:  1.9382066e-01 Ad: 1.00e+00 Dobj:  1.5967336e+04 
Iter: 21 Ap: 7.72e-01 Pobj:  3.2473252e-02 Ad: 1.00e+00 Dobj:  1.6976521e+04 
Iter: 22 Ap: 6.82e-01 Pobj:  7.3160079e-03 Ad: 1.00e+00 Dobj:  1.8565562e+04 
Iter: 23 Ap: 5.67e-01 Pobj:  2.1430039e-03 Ad: 1.00e+00 Dobj:  2.1229021e+04 
Iter: 24 Ap: 5.47e-01 Pobj:  5.8604614e-04 Ad: 1.00e+00 Dobj:  2.4650001e+04 
Iter: 25 Ap: 5.82e-01 Pobj:  1.2778309e-04 Ad: 7.64e-01 Dobj:  2.6943862e+04 
Iter: 26 Ap: 2.32e-01 Pobj:  8.6826789e-05 Ad: 9.23e-01 Dobj:  3.1904859e+04 
Iter: 27 Ap: 8.47e-02 Pobj:  7.7249137e-05 Ad: 1.00e+00 Dobj:  4.0439258e+04 
Iter: 28 Ap: 2.76e-01 Pobj:  4.9704483e-05 Ad: 9.13e-01 Dobj:  5.2141827e+04 
Iter: 29 Ap: 5.40e-01 Pobj:  2.0126003e-05 Ad: 1.00e+00 Dobj:  5.6156712e+04 
Iter: 30 Ap: 5.85e-01 Pobj:  1.0576360e-05 Ad: 1.00e+00 Dobj:  4.8368986e+04 
Iter: 31 Ap: 8.07e-01 Pobj:  6.1190214e-06 Ad: 1.00e+00 Dobj:  3.3796330e+04 
Iter: 32 Ap: 1.00e+00 Pobj:  5.2228935e-06 Ad: 1.00e+00 Dobj:  1.0073863e+04 
Iter: 33 Ap: 1.00e+00 Pobj:  5.2140829e-06 Ad: 9.70e-01 Dobj:  6.9115351e+02 
Iter: 34 Ap: 1.00e+00 Pobj:  5.2092078e-06 Ad: 9.75e-01 Dobj:  4.5506149e+01 
Iter: 35 Ap: 1.00e+00 Pobj:  5.2658211e-06 Ad: 9.88e-01 Dobj:  2.6561339e+00 
Iter: 36 Ap: 1.00e+00 Pobj:  6.5832473e-06 Ad: 1.00e+00 Dobj:  3.8405418e-01 
Iter: 37 Ap: 1.00e+00 Pobj:  1.0085511e-04 Ad: 1.00e+00 Dobj:  2.9205783e-01 
Iter: 38 Ap: 7.06e-02 Pobj:  3.5694283e-02 Ad: 8.64e-02 Dobj:  3.3310660e-01 
Iter: 39 Ap: 1.40e-01 Pobj:  5.5030985e-02 Ad: 4.50e-01 Dobj:  3.8174043e-01 
Iter: 40 Ap: 1.79e-01 Pobj:  6.5818927e-02 Ad: 6.56e-01 Dobj:  3.8830055e-01 
Iter: 41 Ap: 2.33e-01 Pobj:  8.1150779e-02 Ad: 5.80e-01 Dobj:  3.5662928e-01 
Iter: 42 Ap: 6.06e-01 Pobj:  1.1632939e-01 Ad: 1.00e+00 Dobj:  3.2223607e-01 
Iter: 43 Ap: 1.00e+00 Pobj:  1.5098732e-01 Ad: 1.00e+00 Dobj:  2.7626505e-01 
Iter: 44 Ap: 1.00e+00 Pobj:  1.7121275e-01 Ad: 1.00e+00 Dobj:  2.3695455e-01 
Iter: 45 Ap: 1.00e+00 Pobj:  1.8198883e-01 Ad: 1.00e+00 Dobj:  2.2324408e-01 
Iter: 46 Ap: 1.00e+00 Pobj:  1.9592301e-01 Ad: 1.00e+00 Dobj:  2.1501466e-01 
Iter: 47 Ap: 1.00e+00 Pobj:  2.0234510e-01 Ad: 1.00e+00 Dobj:  2.1208186e-01 
Iter: 48 Ap: 1.00e+00 Pobj:  2.0617092e-01 Ad: 9.87e-01 Dobj:  2.1033042e-01 
Iter: 49 Ap: 1.00e+00 Pobj:  2.0801305e-01 Ad: 1.00e+00 Dobj:  2.0942934e-01 
Iter: 50 Ap: 1.00e+00 Pobj:  2.0868961e-01 Ad: 1.00e+00 Dobj:  2.0909831e-01 
Iter: 51 Ap: 8.10e-01 Pobj:  2.0883071e-01 Ad: 1.00e+00 Dobj:  2.0901598e-01 
Iter: 52 Ap: 6.61e-01 Pobj:  2.0885173e-01 Ad: 1.00e+00 Dobj:  2.0902238e-01 
Iter: 53 Ap: 9.90e-01 Pobj:  2.0890517e-01 Ad: 1.00e+00 Dobj:  2.0900144e-01 
Iter: 54 Ap: 1.00e+00 Pobj:  2.0893679e-01 Ad: 1.00e+00 Dobj:  2.0898933e-01 
Iter: 55 Ap: 1.00e+00 Pobj:  2.0895695e-01 Ad: 1.00e+00 Dobj:  2.0898264e-01 
Iter: 56 Ap: 9.96e-01 Pobj:  2.0896687e-01 Ad: 1.00e+00 Dobj:  2.0897989e-01 
Iter: 57 Ap: 1.00e+00 Pobj:  2.0897232e-01 Ad: 1.00e+00 Dobj:  2.0897846e-01 
Iter: 58 Ap: 1.00e+00 Pobj:  2.0898069e-01 Ad: 1.00e+00 Dobj:  2.0897689e-01 
Iter: 59 Ap: 1.00e+00 Pobj:  2.0898401e-01 Ad: 8.20e-01 Dobj:  2.0898137e-01 
Iter: 60 Ap: 1.00e+00 Pobj:  2.0898485e-01 Ad: 9.68e-01 Dobj:  2.0898467e-01 
Iter: 61 Ap: 1.00e+00 Pobj:  2.0898509e-01 Ad: 9.89e-01 Dobj:  2.0898508e-01 
Iter: 62 Ap: 9.48e-01 Pobj:  2.0898511e-01 Ad: 8.91e-01 Dobj:  2.0898511e-01 
Success: SDP solved
Primal objective value: 2.0898511e-01 
Dual objective value: 2.0898511e-01 
Relative primal infeasibility: 9.51e-12 
Relative dual infeasibility: 2.97e-10 
Real Relative Gap: -2.64e-09 
XZ Relative Gap: 1.56e-09 
DIMACS error measures: 1.35e-10 0.00e+00 1.65e-09 0.00e+00 -2.64e-09 1.56e-09
Elements time: 16837.633081 
Factor time: 13695.460119 
Other time: 1680.294870 
Total time: 32213.388070 
