CSDP 6.2.0
Iter:  0 Ap: 0.00e+00 Pobj:  4.0324683e+01 Ad: 0.00e+00 Dobj:  0.0000000e+00 
Iter:  1 Ap: 8.00e-02 Pobj:  1.5942387e+00 Ad: 1.48e-01 Dobj:  5.6872462e+02 
Iter:  2 Ap: 2.81e-02 Pobj:  1.4056950e+00 Ad: 2.46e-01 Dobj:  3.6919221e+03 
Iter:  3 Ap: 6.14e-02 Pobj:  1.0740235e+00 Ad: 2.90e-01 Dobj:  1.2502724e+04 
Iter:  4 Ap: 3.16e-01 Pobj:  3.7535746e-01 Ad: 9.07e-01 Dobj:  4.3020988e+04 
Iter:  5 Ap: 9.69e-02 Pobj:  3.0657552e-01 Ad: 4.29e-01 Dobj:  6.7052877e+04 
Iter:  6 Ap: 1.89e-01 Pobj:  1.9498965e-01 Ad: 6.73e-01 Dobj:  1.2346420e+05 
Iter:  7 Ap: 4.81e-01 Pobj:  7.3080449e-02 Ad: 1.00e+00 Dobj:  1.6399545e+05 
Iter:  8 Ap: 7.47e-01 Pobj:  1.1150998e-02 Ad: 1.00e+00 Dobj:  1.6962190e+05 
Iter:  9 Ap: 7.20e-01 Pobj:  2.5800810e-03 Ad: 1.00e+00 Dobj:  1.3988539e+05 
Iter: 10 Ap: 7.36e-01 Pobj:  8.1019811e-04 Ad: 1.00e+00 Dobj:  9.2200856e+04 
Iter: 11 Ap: 8.31e-01 Pobj:  3.5713005e-04 Ad: 9.91e-01 Dobj:  5.2475684e+04 
Iter: 12 Ap: 1.00e+00 Pobj:  2.4708613e-04 Ad: 1.00e+00 Dobj:  2.7309086e+04 
Iter: 13 Ap: 1.00e+00 Pobj:  2.4588600e-04 Ad: 9.84e-01 Dobj:  1.5076481e+03 
Iter: 14 Ap: 1.00e+00 Pobj:  2.4522954e-04 Ad: 9.96e-01 Dobj:  6.9260238e+01 
Iter: 15 Ap: 1.00e+00 Pobj:  2.5502764e-04 Ad: 1.00e+00 Dobj:  4.2707319e+00 
Iter: 16 Ap: 1.00e+00 Pobj:  6.1331993e-04 Ad: 1.00e+00 Dobj:  1.6740180e+00 
Iter: 17 Ap: 1.00e+00 Pobj:  1.3750373e-01 Ad: 1.00e+00 Dobj:  1.6435532e+00 
Iter: 18 Ap: 4.35e-01 Pobj:  2.8701011e-01 Ad: 8.68e-01 Dobj:  1.4909228e+00 
Iter: 19 Ap: 3.41e-01 Pobj:  2.9740705e-01 Ad: 1.00e+00 Dobj:  1.3232994e+00 
Iter: 20 Ap: 9.84e-01 Pobj:  3.8754559e-01 Ad: 9.34e-01 Dobj:  8.7014467e-01 
Iter: 21 Ap: 1.00e+00 Pobj:  4.0970799e-01 Ad: 1.00e+00 Dobj:  6.8146114e-01 
Iter: 22 Ap: 1.00e+00 Pobj:  4.3710242e-01 Ad: 1.00e+00 Dobj:  5.6459425e-01 
Iter: 23 Ap: 6.77e-01 Pobj:  4.4617084e-01 Ad: 1.00e+00 Dobj:  5.2143124e-01 
Iter: 24 Ap: 9.60e-01 Pobj:  4.5803972e-01 Ad: 1.00e+00 Dobj:  4.9217679e-01 
Iter: 25 Ap: 1.00e+00 Pobj:  4.6210389e-01 Ad: 1.00e+00 Dobj:  4.7906457e-01 
Iter: 26 Ap: 1.00e+00 Pobj:  4.6407417e-01 Ad: 1.00e+00 Dobj:  4.7158349e-01 
Iter: 27 Ap: 1.00e+00 Pobj:  4.6500413e-01 Ad: 1.00e+00 Dobj:  4.6797063e-01 
Iter: 28 Ap: 1.00e+00 Pobj:  4.6540197e-01 Ad: 1.00e+00 Dobj:  4.6639891e-01 
Iter: 29 Ap: 9.42e-01 Pobj:  4.6550716e-01 Ad: 1.00e+00 Dobj:  4.6596246e-01 
Iter: 30 Ap: 9.10e-01 Pobj:  4.6554027e-01 Ad: 1.00e+00 Dobj:  4.6587393e-01 
Iter: 31 Ap: 1.00e+00 Pobj:  4.6558209e-01 Ad: 1.00e+00 Dobj:  4.6575029e-01 
Iter: 32 Ap: 9.68e-01 Pobj:  4.6561303e-01 Ad: 9.64e-01 Dobj:  4.6566954e-01 
Iter: 33 Ap: 8.23e-01 Pobj:  4.6561651e-01 Ad: 1.00e+00 Dobj:  4.6566056e-01 
Iter: 34 Ap: 1.00e+00 Pobj:  4.6562487e-01 Ad: 1.00e+00 Dobj:  4.6564487e-01 
Iter: 35 Ap: 1.00e+00 Pobj:  4.6563387e-01 Ad: 9.29e-01 Dobj:  4.6563340e-01 
Iter: 36 Ap: 6.64e-01 Pobj:  4.6563441e-01 Ad: 8.64e-01 Dobj:  4.6563171e-01 
Iter: 37 Ap: 6.93e-01 Pobj:  4.6563532e-01 Ad: 1.00e+00 Dobj:  4.6563047e-01 
Iter: 38 Ap: 1.00e+00 Pobj:  4.6563724e-01 Ad: 9.94e-01 Dobj:  4.6563313e-01 
Iter: 39 Ap: 1.00e+00 Pobj:  4.6563818e-01 Ad: 1.00e+00 Dobj:  4.6563711e-01 
Iter: 40 Ap: 1.00e+00 Pobj:  4.6563837e-01 Ad: 1.00e+00 Dobj:  4.6563830e-01 
Iter: 41 Ap: 9.57e-01 Pobj:  4.6563840e-01 Ad: 9.47e-01 Dobj:  4.6563839e-01 
Success: SDP solved
Primal objective value: 4.6563840e-01 
Dual objective value: 4.6563839e-01 
Relative primal infeasibility: 2.53e-13 
Relative dual infeasibility: 4.98e-10 
Real Relative Gap: -3.95e-09 
XZ Relative Gap: 3.36e-09 
DIMACS error measures: 7.30e-12 0.00e+00 1.40e-09 0.00e+00 -3.95e-09 3.36e-09
Elements time: 81.037591 
Factor time: 37.748239 
Other time: 166.741463 
Total time: 285.527292 
