CSDP 6.2.0
Iter:  0 Ap: 0.00e+00 Pobj:  5.3217642e+01 Ad: 0.00e+00 Dobj:  0.0000000e+00 
Iter:  1 Ap: 7.93e-02 Pobj:  2.1065706e+00 Ad: 2.82e-01 Dobj:  5.0125533e+02 
Iter:  2 Ap: 9.79e-02 Pobj:  1.7482126e+00 Ad: 5.48e-01 Dobj:  2.4212531e+03 
Iter:  3 Ap: 3.43e-01 Pobj:  7.9547331e-01 Ad: 9.25e-01 Dobj:  6.0548408e+03 
Iter:  4 Ap: 2.33e-01 Pobj:  5.0066986e-01 Ad: 1.00e+00 Dobj:  9.1319528e+03 
Iter:  5 Ap: 7.22e-01 Pobj:  1.0047588e-01 Ad: 1.00e+00 Dobj:  9.6319200e+03 
Iter:  6 Ap: 7.78e-01 Pobj:  1.6399298e-02 Ad: 1.00e+00 Dobj:  9.4465780e+03 
Iter:  7 Ap: 7.36e-01 Pobj:  3.0074587e-03 Ad: 1.00e+00 Dobj:  8.2448020e+03 
Iter:  8 Ap: 7.51e-01 Pobj:  7.5262733e-04 Ad: 9.70e-01 Dobj:  6.0105850e+03 
Iter:  9 Ap: 4.51e-01 Pobj:  5.0957344e-04 Ad: 7.85e-01 Dobj:  4.9473331e+03 
Iter: 10 Ap: 5.45e-01 Pobj:  3.6468707e-04 Ad: 1.00e+00 Dobj:  3.6837983e+03 
Iter: 11 Ap: 1.00e+00 Pobj:  2.4951254e-04 Ad: 1.00e+00 Dobj:  1.7000240e+03 
Iter: 12 Ap: 1.00e+00 Pobj:  2.4929948e-04 Ad: 9.82e-01 Dobj:  9.6976202e+01 
Iter: 13 Ap: 1.00e+00 Pobj:  2.5178691e-04 Ad: 9.96e-01 Dobj:  4.8600744e+00 
Iter: 14 Ap: 1.00e+00 Pobj:  3.1931221e-04 Ad: 1.00e+00 Dobj:  7.2938853e-01 
Iter: 15 Ap: 1.00e+00 Pobj:  5.4481438e-03 Ad: 1.00e+00 Dobj:  5.6823812e-01 
Iter: 16 Ap: 5.18e-02 Pobj:  1.4488784e-01 Ad: 8.85e-02 Dobj:  7.9286926e-01 
Iter: 17 Ap: 7.39e-01 Pobj:  1.8304734e-01 Ad: 1.00e+00 Dobj:  7.1363255e-01 
Iter: 18 Ap: 1.00e+00 Pobj:  2.8517616e-01 Ad: 1.00e+00 Dobj:  5.0602310e-01 
Iter: 19 Ap: 1.00e+00 Pobj:  3.0138081e-01 Ad: 1.00e+00 Dobj:  4.3829710e-01 
Iter: 20 Ap: 1.00e+00 Pobj:  3.4419894e-01 Ad: 1.00e+00 Dobj:  3.9437557e-01 
Iter: 21 Ap: 1.00e+00 Pobj:  3.6182175e-01 Ad: 1.00e+00 Dobj:  3.8225502e-01 
Iter: 22 Ap: 1.00e+00 Pobj:  3.7061199e-01 Ad: 1.00e+00 Dobj:  3.7700421e-01 
Iter: 23 Ap: 1.00e+00 Pobj:  3.7356716e-01 Ad: 1.00e+00 Dobj:  3.7526417e-01 
Iter: 24 Ap: 1.00e+00 Pobj:  3.7443472e-01 Ad: 1.00e+00 Dobj:  3.7474474e-01 
Iter: 25 Ap: 1.00e+00 Pobj:  3.7459966e-01 Ad: 9.59e-01 Dobj:  3.7465037e-01 
Iter: 26 Ap: 6.21e-01 Pobj:  3.7461435e-01 Ad: 8.85e-01 Dobj:  3.7463714e-01 
Iter: 27 Ap: 4.10e-01 Pobj:  3.7461712e-01 Ad: 1.00e+00 Dobj:  3.7463894e-01 
Iter: 28 Ap: 6.44e-01 Pobj:  3.7462553e-01 Ad: 1.00e+00 Dobj:  3.7463376e-01 
Iter: 29 Ap: 1.00e+00 Pobj:  3.7463346e-01 Ad: 1.00e+00 Dobj:  3.7463498e-01 
Iter: 30 Ap: 1.00e+00 Pobj:  3.7463811e-01 Ad: 9.24e-01 Dobj:  3.7463625e-01 
Iter: 31 Ap: 1.00e+00 Pobj:  3.7463873e-01 Ad: 9.78e-01 Dobj:  3.7463863e-01 
Iter: 32 Ap: 9.54e-01 Pobj:  3.7463879e-01 Ad: 9.40e-01 Dobj:  3.7463878e-01 
Success: SDP solved
Primal objective value: 3.7463879e-01 
Dual objective value: 3.7463878e-01 
Relative primal infeasibility: 6.48e-13 
Relative dual infeasibility: 9.19e-10 
Real Relative Gap: -5.70e-09 
XZ Relative Gap: 3.50e-09 
DIMACS error measures: 3.07e-12 0.00e+00 2.57e-09 0.00e+00 -5.70e-09 3.50e-09
Elements time: 3.051561 
Factor time: 2.072497 
Other time: 23.068463 
Total time: 28.192521 
