CSDP 6.2.0
Iter:  0 Ap: 0.00e+00 Pobj:  5.4643367e+01 Ad: 0.00e+00 Dobj:  0.0000000e+00 
Iter:  1 Ap: 7.86e-02 Pobj:  2.1629284e+00 Ad: 2.89e-01 Dobj:  5.1713862e+02 
Iter:  2 Ap: 5.45e-02 Pobj:  1.9658215e+00 Ad: 4.65e-01 Dobj:  2.0754634e+03 
Iter:  3 Ap: 4.31e-01 Pobj:  8.3187224e-01 Ad: 9.14e-01 Dobj:  4.6652735e+03 
Iter:  4 Ap: 2.27e-01 Pobj:  5.0118878e-01 Ad: 1.00e+00 Dobj:  7.6561221e+03 
Iter:  5 Ap: 6.53e-01 Pobj:  1.3309520e-01 Ad: 1.00e+00 Dobj:  8.0533175e+03 
Iter:  6 Ap: 6.67e-01 Pobj:  3.3685377e-02 Ad: 1.00e+00 Dobj:  8.0830959e+03 
Iter:  7 Ap: 5.88e-01 Pobj:  9.9663131e-03 Ad: 1.00e+00 Dobj:  7.8122063e+03 
Iter:  8 Ap: 7.22e-01 Pobj:  1.2418846e-03 Ad: 1.00e+00 Dobj:  7.0352369e+03 
Iter:  9 Ap: 7.37e-01 Pobj:  3.6191817e-04 Ad: 1.00e+00 Dobj:  4.4636870e+03 
Iter: 10 Ap: 4.87e-01 Pobj:  2.0329848e-04 Ad: 7.45e-01 Dobj:  3.5486257e+03 
Iter: 11 Ap: 2.87e-01 Pobj:  1.5715394e-04 Ad: 7.30e-01 Dobj:  3.1754800e+03 
Iter: 12 Ap: 2.77e-01 Pobj:  1.2239659e-04 Ad: 9.59e-01 Dobj:  2.6581725e+03 
Iter: 13 Ap: 5.22e-01 Pobj:  6.9508817e-05 Ad: 9.41e-01 Dobj:  2.1863749e+03 
Iter: 14 Ap: 4.67e-01 Pobj:  4.2095715e-05 Ad: 1.00e+00 Dobj:  1.6859760e+03 
Iter: 15 Ap: 4.95e-01 Pobj:  2.3390904e-05 Ad: 9.68e-01 Dobj:  1.2073664e+03 
Iter: 16 Ap: 3.84e-01 Pobj:  1.5237444e-05 Ad: 1.00e+00 Dobj:  9.7743947e+02 
Iter: 17 Ap: 6.09e-01 Pobj:  6.0804902e-06 Ad: 1.00e+00 Dobj:  6.6880605e+02 
Iter: 18 Ap: 6.34e-01 Pobj:  1.9612431e-06 Ad: 1.00e+00 Dobj:  2.8437360e+02 
Iter: 19 Ap: 7.20e-01 Pobj:  5.8453946e-07 Ad: 1.00e+00 Dobj:  1.5132804e+02 
Iter: 20 Ap: 8.41e-01 Pobj:  8.5365168e-08 Ad: 1.00e+00 Dobj:  2.4636318e+01 
Iter: 21 Ap: 9.02e-01 Pobj:  8.1152436e-09 Ad: 1.00e+00 Dobj:  2.7049105e+00 
Iter: 22 Ap: 9.28e-01 Pobj:  5.7338672e-10 Ad: 1.00e+00 Dobj:  3.2117913e-01 
Iter: 23 Ap: 9.39e-01 Pobj:  3.5160144e-11 Ad: 1.00e+00 Dobj:  2.4688836e-02 
Iter: 24 Ap: 9.45e-01 Pobj:  1.9066440e-12 Ad: 1.00e+00 Dobj:  1.5709091e-03 
Iter: 25 Ap: 9.45e-01 Pobj:  1.0493274e-13 Ad: 1.00e+00 Dobj:  8.9232201e-05 
Iter: 26 Ap: 9.56e-01 Pobj:  4.4233200e-15 Ad: 8.11e-01 Dobj:  1.9635128e-05 
Iter: 27 Ap: 4.38e-01 Pobj:  2.8234848e-15 Ad: 6.32e-01 Dobj:  9.0986024e-06 
Iter: 28 Ap: 4.86e-01 Pobj:  1.2218774e-15 Ad: 7.02e-01 Dobj:  7.5720245e-06 
Iter: 29 Ap: 7.87e-01 Pobj:  3.0063991e-16 Ad: 8.43e-01 Dobj:  1.1462677e-06 
Iter: 30 Ap: 4.87e-01 Pobj:  1.4596306e-16 Ad: 1.00e+00 Dobj:  2.7598838e-07 
Iter: 31 Ap: 9.15e-01 Pobj:  1.2125092e-17 Ad: 9.12e-01 Dobj: -1.2941530e-07 
Iter: 32 Ap: 9.36e-01 Pobj:  8.5519585e-19 Ad: 9.54e-01 Dobj: -2.7581400e-08 
Iter: 33 Ap: 8.55e-01 Pobj:  1.0878938e-19 Ad: 9.68e-01 Dobj: -1.8575915e-09 
Iter: 34 Ap: 9.38e-01 Pobj:  7.2196775e-21 Ad: 9.58e-01 Dobj: -9.5807127e-11 
Success: SDP solved
Primal objective value: 7.2196775e-21 
Dual objective value: -9.5807127e-11 
Relative primal infeasibility: 1.74e-16 
Relative dual infeasibility: 9.01e-09 
Real Relative Gap: -9.58e-11 
XZ Relative Gap: 9.03e-10 
DIMACS error measures: 8.26e-16 0.00e+00 1.47e-08 0.00e+00 -9.58e-11 9.03e-10
Elements time: 3.648864 
Factor time: 2.219334 
Other time: 24.799966 
Total time: 30.668164 
