CSDP 6.2.0
Iter:  0 Ap: 0.00e+00 Pobj:  4.0324683e+01 Ad: 0.00e+00 Dobj:  0.0000000e+00 
Iter:  1 Ap: 8.03e-02 Pobj:  1.5939353e+00 Ad: 1.54e-01 Dobj:  5.8884588e+02 
Iter:  2 Ap: 2.74e-02 Pobj:  1.4087578e+00 Ad: 2.78e-01 Dobj:  4.1356172e+03 
Iter:  3 Ap: 6.22e-02 Pobj:  1.0961616e+00 Ad: 2.87e-01 Dobj:  1.2520456e+04 
Iter:  4 Ap: 3.08e-01 Pobj:  4.2947632e-01 Ad: 9.07e-01 Dobj:  4.0812447e+04 
Iter:  5 Ap: 2.12e-01 Pobj:  2.6303607e-01 Ad: 8.34e-01 Dobj:  8.1939406e+04 
Iter:  6 Ap: 2.77e-01 Pobj:  1.5803659e-01 Ad: 9.76e-01 Dobj:  1.2175123e+05 
Iter:  7 Ap: 7.09e-01 Pobj:  3.0370990e-02 Ad: 1.00e+00 Dobj:  1.3035887e+05 
Iter:  8 Ap: 7.02e-01 Pobj:  6.5467362e-03 Ad: 1.00e+00 Dobj:  1.2077103e+05 
Iter:  9 Ap: 7.19e-01 Pobj:  1.6869876e-03 Ad: 1.00e+00 Dobj:  8.6975351e+04 
Iter: 10 Ap: 7.84e-01 Pobj:  5.3356719e-04 Ad: 1.00e+00 Dobj:  5.0767571e+04 
Iter: 11 Ap: 8.44e-01 Pobj:  2.6382064e-04 Ad: 9.88e-01 Dobj:  2.9079292e+04 
Iter: 12 Ap: 1.00e+00 Pobj:  2.1177437e-04 Ad: 1.00e+00 Dobj:  1.1687608e+04 
Iter: 13 Ap: 1.00e+00 Pobj:  2.1066051e-04 Ad: 9.86e-01 Dobj:  6.1819001e+02 
Iter: 14 Ap: 1.00e+00 Pobj:  2.1042444e-04 Ad: 9.96e-01 Dobj:  2.8539149e+01 
Iter: 15 Ap: 1.00e+00 Pobj:  2.2903913e-04 Ad: 1.00e+00 Dobj:  2.4073687e+00 
Iter: 16 Ap: 1.00e+00 Pobj:  1.0680220e-03 Ad: 1.00e+00 Dobj:  1.3647399e+00 
Iter: 17 Ap: 1.84e-01 Pobj:  1.5017071e-01 Ad: 3.27e-01 Dobj:  1.5847260e+00 
Iter: 18 Ap: 1.94e-01 Pobj:  1.6602912e-01 Ad: 1.00e+00 Dobj:  1.3610608e+00 
Iter: 19 Ap: 9.63e-01 Pobj:  2.8430137e-01 Ad: 9.91e-01 Dobj:  9.5105220e-01 
Iter: 20 Ap: 1.00e+00 Pobj:  2.9334915e-01 Ad: 1.00e+00 Dobj:  7.1781667e-01 
Iter: 21 Ap: 1.00e+00 Pobj:  3.3367251e-01 Ad: 1.00e+00 Dobj:  5.1911576e-01 
Iter: 22 Ap: 1.00e+00 Pobj:  3.5196379e-01 Ad: 1.00e+00 Dobj:  4.5354171e-01 
Iter: 23 Ap: 1.00e+00 Pobj:  3.6515967e-01 Ad: 1.00e+00 Dobj:  4.0805002e-01 
Iter: 24 Ap: 1.00e+00 Pobj:  3.7074126e-01 Ad: 1.00e+00 Dobj:  3.8879161e-01 
Iter: 25 Ap: 1.00e+00 Pobj:  3.7310964e-01 Ad: 1.00e+00 Dobj:  3.8019776e-01 
Iter: 26 Ap: 1.00e+00 Pobj:  3.7412001e-01 Ad: 1.00e+00 Dobj:  3.7642386e-01 
Iter: 27 Ap: 1.00e+00 Pobj:  3.7444756e-01 Ad: 1.00e+00 Dobj:  3.7518070e-01 
Iter: 28 Ap: 7.55e-01 Pobj:  3.7449795e-01 Ad: 1.00e+00 Dobj:  3.7494255e-01 
Iter: 29 Ap: 1.00e+00 Pobj:  3.7454728e-01 Ad: 1.00e+00 Dobj:  3.7484709e-01 
Iter: 30 Ap: 1.00e+00 Pobj:  3.7459278e-01 Ad: 1.00e+00 Dobj:  3.7471260e-01 
Iter: 31 Ap: 8.61e-01 Pobj:  3.7461044e-01 Ad: 9.68e-01 Dobj:  3.7467099e-01 
Iter: 32 Ap: 9.10e-01 Pobj:  3.7461902e-01 Ad: 1.00e+00 Dobj:  3.7465476e-01 
Iter: 33 Ap: 1.00e+00 Pobj:  3.7462645e-01 Ad: 1.00e+00 Dobj:  3.7464259e-01 
Iter: 34 Ap: 7.84e-01 Pobj:  3.7463127e-01 Ad: 1.00e+00 Dobj:  3.7463489e-01 
Iter: 35 Ap: 6.15e-01 Pobj:  3.7463223e-01 Ad: 1.00e+00 Dobj:  3.7463412e-01 
Iter: 36 Ap: 1.00e+00 Pobj:  3.7463518e-01 Ad: 1.00e+00 Dobj:  3.7463214e-01 
Iter: 37 Ap: 1.00e+00 Pobj:  3.7463728e-01 Ad: 1.00e+00 Dobj:  3.7463063e-01 
Iter: 38 Ap: 1.00e+00 Pobj:  3.7463839e-01 Ad: 1.00e+00 Dobj:  3.7463649e-01 
Iter: 39 Ap: 1.00e+00 Pobj:  3.7463875e-01 Ad: 1.00e+00 Dobj:  3.7463853e-01 
Iter: 40 Ap: 9.59e-01 Pobj:  3.7463879e-01 Ad: 9.47e-01 Dobj:  3.7463877e-01 
Success: SDP solved
Primal objective value: 3.7463879e-01 
Dual objective value: 3.7463877e-01 
Relative primal infeasibility: 3.87e-13 
Relative dual infeasibility: 1.35e-09 
Real Relative Gap: -1.22e-08 
XZ Relative Gap: 7.29e-09 
DIMACS error measures: 1.12e-11 0.00e+00 3.81e-09 0.00e+00 -1.22e-08 7.29e-09
Elements time: 61.441892 
Factor time: 23.504023 
Other time: 47.579300 
Total time: 132.525216 
