CSDP 6.2.0
Iter:  0 Ap: 0.00e+00 Pobj:  5.1232132e+05 Ad: 0.00e+00 Dobj:  0.0000000e+00 
Iter:  1 Ap: 1.04e-01 Pobj:  2.0286553e+04 Ad: 1.43e-01 Dobj:  2.1325550e+01 
Iter:  2 Ap: 6.33e-02 Pobj:  2.2666290e+04 Ad: 2.94e-01 Dobj:  1.9843868e+02 
Iter:  3 Ap: 7.64e-02 Pobj:  1.9914316e+04 Ad: 4.13e-01 Dobj:  7.8731295e+02 
Iter:  4 Ap: 2.03e-01 Pobj:  1.1631871e+04 Ad: 3.50e-01 Dobj:  1.6858707e+03 
Iter:  5 Ap: 8.30e-02 Pobj:  9.4400015e+03 Ad: 3.38e-01 Dobj:  3.1445441e+03 
Iter:  6 Ap: 8.43e-02 Pobj:  7.8477612e+03 Ad: 3.45e-01 Dobj:  5.1934370e+03 
Iter:  7 Ap: 1.05e-01 Pobj:  6.3574710e+03 Ad: 1.52e-01 Dobj:  6.2489183e+03 
Iter:  8 Ap: 7.77e-02 Pobj:  5.4320885e+03 Ad: 3.28e-01 Dobj:  8.9703088e+03 
Iter:  9 Ap: 2.01e-01 Pobj:  3.5847629e+03 Ad: 3.59e-01 Dobj:  1.2143145e+04 
Iter: 10 Ap: 2.93e-01 Pobj:  1.7835681e+03 Ad: 4.41e-01 Dobj:  1.7048715e+04 
Iter: 11 Ap: 2.71e-01 Pobj:  9.6756545e+02 Ad: 6.90e-01 Dobj:  2.6668381e+04 
Iter: 12 Ap: 4.51e-01 Pobj:  3.8884862e+02 Ad: 1.00e+00 Dobj:  3.6301845e+04 
Iter: 13 Ap: 7.75e-01 Pobj:  6.3914369e+01 Ad: 1.00e+00 Dobj:  3.9071864e+04 
Iter: 14 Ap: 8.57e-01 Pobj:  6.1305634e+00 Ad: 1.00e+00 Dobj:  4.1202655e+04 
Iter: 15 Ap: 8.62e-01 Pobj:  5.7857076e-01 Ad: 1.00e+00 Dobj:  4.3298793e+04 
Iter: 16 Ap: 8.42e-01 Pobj:  6.0443241e-02 Ad: 1.00e+00 Dobj:  4.6004840e+04 
Iter: 17 Ap: 7.57e-01 Pobj:  8.8285203e-03 Ad: 1.00e+00 Dobj:  5.1490261e+04 
Iter: 18 Ap: 7.08e-01 Pobj:  1.1591442e-03 Ad: 1.00e+00 Dobj:  6.1945057e+04 
Iter: 19 Ap: 6.55e-01 Pobj:  2.8473430e-04 Ad: 9.43e-01 Dobj:  7.2586043e+04 
Iter: 20 Ap: 2.76e-01 Pobj:  2.1551871e-04 Ad: 5.71e-01 Dobj:  7.9925227e+04 
Iter: 21 Ap: 9.47e-02 Pobj:  1.9942514e-04 Ad: 8.94e-01 Dobj:  9.1702575e+04 
Iter: 22 Ap: 1.89e-01 Pobj:  1.7054421e-04 Ad: 8.96e-01 Dobj:  1.0445877e+05 
Iter: 23 Ap: 5.05e-01 Pobj:  1.1125146e-04 Ad: 1.00e+00 Dobj:  1.0362967e+05 
Iter: 24 Ap: 7.79e-01 Pobj:  6.9638340e-05 Ad: 1.00e+00 Dobj:  7.7882678e+04 
Iter: 25 Ap: 1.00e+00 Pobj:  5.8017172e-05 Ad: 1.00e+00 Dobj:  3.1217635e+04 
Iter: 26 Ap: 1.00e+00 Pobj:  5.8009171e-05 Ad: 9.71e-01 Dobj:  2.1071310e+03 
Iter: 27 Ap: 1.00e+00 Pobj:  5.8135326e-05 Ad: 9.77e-01 Dobj:  1.3649183e+02 
Iter: 28 Ap: 1.00e+00 Pobj:  6.0403632e-05 Ad: 9.99e-01 Dobj:  8.2412498e+00 
Iter: 29 Ap: 1.00e+00 Pobj:  1.2845229e-04 Ad: 1.00e+00 Dobj:  2.8436010e+00 
Iter: 30 Ap: 1.00e+00 Pobj:  2.0007244e-02 Ad: 8.21e-01 Dobj:  2.6262654e+00 
Iter: 31 Ap: 8.62e-03 Pobj:  3.2260327e-01 Ad: 1.02e-02 Dobj:  2.9825718e+00 
Iter: 32 Ap: 2.83e-01 Pobj:  7.7072790e-01 Ad: 2.80e-01 Dobj:  3.3380221e+00 
Iter: 33 Ap: 9.50e-02 Pobj:  7.9766155e-01 Ad: 1.00e+00 Dobj:  3.3282221e+00 
Iter: 34 Ap: 2.03e-01 Pobj:  8.5283109e-01 Ad: 7.15e-01 Dobj:  3.2480482e+00 
Iter: 35 Ap: 5.13e-01 Pobj:  1.0479027e+00 Ad: 1.00e+00 Dobj:  2.8518658e+00 
Iter: 36 Ap: 9.18e-01 Pobj:  1.2927177e+00 Ad: 1.00e+00 Dobj:  2.4661171e+00 
Iter: 37 Ap: 7.42e-01 Pobj:  1.3808938e+00 Ad: 1.00e+00 Dobj:  2.0816946e+00 
Iter: 38 Ap: 7.85e-01 Pobj:  1.4670515e+00 Ad: 1.00e+00 Dobj:  1.9403349e+00 
Iter: 39 Ap: 8.73e-01 Pobj:  1.5586805e+00 Ad: 1.00e+00 Dobj:  1.8376180e+00 
Iter: 40 Ap: 8.99e-01 Pobj:  1.6095941e+00 Ad: 1.00e+00 Dobj:  1.8009567e+00 
Iter: 41 Ap: 9.76e-01 Pobj:  1.6479988e+00 Ad: 1.00e+00 Dobj:  1.7641081e+00 
Iter: 42 Ap: 9.47e-01 Pobj:  1.6682309e+00 Ad: 1.00e+00 Dobj:  1.7406669e+00 
Iter: 43 Ap: 9.35e-01 Pobj:  1.6817260e+00 Ad: 1.00e+00 Dobj:  1.7236878e+00 
Iter: 44 Ap: 9.40e-01 Pobj:  1.6896939e+00 Ad: 1.00e+00 Dobj:  1.7141536e+00 
Iter: 45 Ap: 9.97e-01 Pobj:  1.6950999e+00 Ad: 1.00e+00 Dobj:  1.7080040e+00 
Iter: 46 Ap: 1.00e+00 Pobj:  1.6979805e+00 Ad: 1.00e+00 Dobj:  1.7046055e+00 
Iter: 47 Ap: 1.00e+00 Pobj:  1.6998713e+00 Ad: 1.00e+00 Dobj:  1.7024931e+00 
Iter: 48 Ap: 8.73e-01 Pobj:  1.7004942e+00 Ad: 1.00e+00 Dobj:  1.7017702e+00 
Iter: 49 Ap: 8.63e-01 Pobj:  1.7007061e+00 Ad: 1.00e+00 Dobj:  1.7016339e+00 
Iter: 50 Ap: 8.97e-01 Pobj:  1.7009493e+00 Ad: 1.00e+00 Dobj:  1.7014251e+00 
Iter: 51 Ap: 1.00e+00 Pobj:  1.7010630e+00 Ad: 1.00e+00 Dobj:  1.7013587e+00 
Iter: 52 Ap: 1.00e+00 Pobj:  1.7011621e+00 Ad: 1.00e+00 Dobj:  1.7012851e+00 
Iter: 53 Ap: 1.00e+00 Pobj:  1.7012184e+00 Ad: 1.00e+00 Dobj:  1.7012489e+00 
Iter: 54 Ap: 9.49e-01 Pobj:  1.7012512e+00 Ad: 1.00e+00 Dobj:  1.7012295e+00 
Iter: 55 Ap: 9.63e-01 Pobj:  1.7012604e+00 Ad: 1.00e+00 Dobj:  1.7012254e+00 
Iter: 56 Ap: 1.00e+00 Pobj:  1.7012706e+00 Ad: 1.00e+00 Dobj:  1.7012208e+00 
Iter: 57 Ap: 9.86e-01 Pobj:  1.7012813e+00 Ad: 1.00e+00 Dobj:  1.7012371e+00 
Iter: 58 Ap: 5.51e-01 Pobj:  1.7012829e+00 Ad: 5.19e-01 Dobj:  1.7012579e+00 
Iter: 59 Ap: 4.98e-01 Pobj:  1.7012838e+00 Ad: 6.08e-01 Dobj:  1.7012732e+00 
Iter: 60 Ap: 6.57e-01 Pobj:  1.7012858e+00 Ad: 9.32e-01 Dobj:  1.7012827e+00 
Iter: 61 Ap: 1.00e+00 Pobj:  1.7012879e+00 Ad: 1.00e+00 Dobj:  1.7012871e+00 
Iter: 62 Ap: 1.00e+00 Pobj:  1.7012885e+00 Ad: 1.00e+00 Dobj:  1.7012885e+00 
Iter: 63 Ap: 1.00e+00 Pobj:  1.7012888e+00 Ad: 1.00e+00 Dobj:  1.7012888e+00 
Iter: 64 Ap: 9.31e-01 Pobj:  1.7012888e+00 Ad: 9.22e-01 Dobj:  1.7012888e+00 
Success: SDP solved
Primal objective value: 1.7012888e+00 
Dual objective value: 1.7012888e+00 
Relative primal infeasibility: 1.01e-11 
Relative dual infeasibility: 9.11e-11 
Real Relative Gap: -2.02e-09 
XZ Relative Gap: 1.63e-09 
DIMACS error measures: 1.49e-10 0.00e+00 5.47e-10 0.00e+00 -2.02e-09 1.63e-09
Elements time: 12091.599716 
Factor time: 6852.534497 
Other time: 723.935224 
Total time: 19668.069436 
