CSDP 6.2.0
Iter:  0 Ap: 0.00e+00 Pobj:  4.0324683e+01 Ad: 0.00e+00 Dobj:  0.0000000e+00 
Iter:  1 Ap: 8.04e-02 Pobj:  1.5944100e+00 Ad: 1.55e-01 Dobj:  5.9773423e+02 
Iter:  2 Ap: 2.71e-02 Pobj:  1.4107776e+00 Ad: 3.17e-01 Dobj:  4.6541656e+03 
Iter:  3 Ap: 6.19e-02 Pobj:  1.1217765e+00 Ad: 3.78e-01 Dobj:  1.5132075e+04 
Iter:  4 Ap: 2.79e-01 Pobj:  5.8029384e-01 Ad: 9.01e-01 Dobj:  3.9136403e+04 
Iter:  5 Ap: 2.00e-01 Pobj:  3.7180198e-01 Ad: 7.22e-01 Dobj:  7.0473546e+04 
Iter:  6 Ap: 3.32e-01 Pobj:  1.8255116e-01 Ad: 6.91e-01 Dobj:  1.0269009e+05 
Iter:  7 Ap: 6.94e-01 Pobj:  3.3991630e-02 Ad: 1.00e+00 Dobj:  1.1663595e+05 
Iter:  8 Ap: 6.86e-01 Pobj:  7.2289183e-03 Ad: 1.00e+00 Dobj:  1.1235589e+05 
Iter:  9 Ap: 6.61e-01 Pobj:  2.0447921e-03 Ad: 1.00e+00 Dobj:  8.9413737e+04 
Iter: 10 Ap: 6.49e-01 Pobj:  7.7000352e-04 Ad: 1.00e+00 Dobj:  6.4845444e+04 
Iter: 11 Ap: 7.16e-01 Pobj:  3.7413349e-04 Ad: 9.07e-01 Dobj:  4.4986377e+04 
Iter: 12 Ap: 4.17e-01 Pobj:  3.0820542e-04 Ad: 1.00e+00 Dobj:  3.1269680e+04 
Iter: 13 Ap: 1.00e+00 Pobj:  2.2710304e-04 Ad: 1.00e+00 Dobj:  1.1772438e+04 
Iter: 14 Ap: 1.00e+00 Pobj:  2.2616110e-04 Ad: 9.78e-01 Dobj:  7.1195701e+02 
Iter: 15 Ap: 1.00e+00 Pobj:  2.2608448e-04 Ad: 9.88e-01 Dobj:  3.8907296e+01 
Iter: 16 Ap: 1.00e+00 Pobj:  2.4222519e-04 Ad: 1.00e+00 Dobj:  2.9754824e+00 
Iter: 17 Ap: 1.00e+00 Pobj:  8.8984949e-04 Ad: 1.00e+00 Dobj:  1.5170331e+00 
Iter: 18 Ap: 2.12e-01 Pobj:  1.0146369e-01 Ad: 3.24e-01 Dobj:  1.6217278e+00 
Iter: 19 Ap: 3.85e-01 Pobj:  1.8966040e-01 Ad: 1.00e+00 Dobj:  1.6715883e+00 
Iter: 20 Ap: 9.85e-01 Pobj:  2.6637301e-01 Ad: 1.00e+00 Dobj:  1.2317543e+00 
Iter: 21 Ap: 1.00e+00 Pobj:  3.0393051e-01 Ad: 1.00e+00 Dobj:  8.1514420e-01 
Iter: 22 Ap: 8.91e-01 Pobj:  3.2888350e-01 Ad: 1.00e+00 Dobj:  6.3963937e-01 
Iter: 23 Ap: 1.00e+00 Pobj:  3.5731776e-01 Ad: 1.00e+00 Dobj:  5.1724639e-01 
Iter: 24 Ap: 9.61e-01 Pobj:  3.7352269e-01 Ad: 1.00e+00 Dobj:  4.5463783e-01 
Iter: 25 Ap: 1.00e+00 Pobj:  3.8043118e-01 Ad: 1.00e+00 Dobj:  4.3193630e-01 
Iter: 26 Ap: 1.00e+00 Pobj:  3.8671180e-01 Ad: 1.00e+00 Dobj:  4.0633885e-01 
Iter: 27 Ap: 9.94e-01 Pobj:  3.8901821e-01 Ad: 1.00e+00 Dobj:  3.9712518e-01 
Iter: 28 Ap: 9.11e-01 Pobj:  3.8978594e-01 Ad: 9.64e-01 Dobj:  3.9369178e-01 
Iter: 29 Ap: 9.87e-01 Pobj:  3.9031161e-01 Ad: 1.00e+00 Dobj:  3.9175318e-01 
Iter: 30 Ap: 1.00e+00 Pobj:  3.9049252e-01 Ad: 1.00e+00 Dobj:  3.9104295e-01 
Iter: 31 Ap: 9.00e-01 Pobj:  3.9054449e-01 Ad: 1.00e+00 Dobj:  3.9082981e-01 
Iter: 32 Ap: 9.84e-01 Pobj:  3.9057513e-01 Ad: 1.00e+00 Dobj:  3.9077443e-01 
Iter: 33 Ap: 1.00e+00 Pobj:  3.9060141e-01 Ad: 1.00e+00 Dobj:  3.9069118e-01 
Iter: 34 Ap: 9.48e-01 Pobj:  3.9061447e-01 Ad: 1.00e+00 Dobj:  3.9065655e-01 
Iter: 35 Ap: 9.99e-01 Pobj:  3.9062051e-01 Ad: 1.00e+00 Dobj:  3.9064470e-01 
Iter: 36 Ap: 1.00e+00 Pobj:  3.9062888e-01 Ad: 1.00e+00 Dobj:  3.9063218e-01 
Iter: 37 Ap: 7.16e-01 Pobj:  3.9063040e-01 Ad: 8.93e-01 Dobj:  3.9063004e-01 
Iter: 38 Ap: 9.29e-01 Pobj:  3.9063175e-01 Ad: 1.00e+00 Dobj:  3.9062866e-01 
Iter: 39 Ap: 1.00e+00 Pobj:  3.9063375e-01 Ad: 1.00e+00 Dobj:  3.9062967e-01 
Iter: 40 Ap: 1.00e+00 Pobj:  3.9063438e-01 Ad: 9.99e-01 Dobj:  3.9063384e-01 
Iter: 41 Ap: 1.00e+00 Pobj:  3.9063450e-01 Ad: 1.00e+00 Dobj:  3.9063447e-01 
Iter: 42 Ap: 9.59e-01 Pobj:  3.9063451e-01 Ad: 9.56e-01 Dobj:  3.9063451e-01 
Success: SDP solved
Primal objective value: 3.9063451e-01 
Dual objective value: 3.9063451e-01 
Relative primal infeasibility: 3.45e-13 
Relative dual infeasibility: 1.62e-10 
Real Relative Gap: -1.03e-09 
XZ Relative Gap: 9.55e-10 
DIMACS error measures: 9.94e-12 0.00e+00 4.55e-10 0.00e+00 -1.03e-09 9.55e-10
Elements time: 83.371370 
Factor time: 38.669784 
Other time: 167.246826 
Total time: 289.287979 
