CSDP 6.2.0
Iter:  0 Ap: 0.00e+00 Pobj:  5.3217642e+01 Ad: 0.00e+00 Dobj:  0.0000000e+00 
Iter:  1 Ap: 7.92e-02 Pobj:  2.1067178e+00 Ad: 2.80e-01 Dobj:  4.9695823e+02 
Iter:  2 Ap: 9.65e-02 Pobj:  1.7550021e+00 Ad: 5.29e-01 Dobj:  2.3279740e+03 
Iter:  3 Ap: 4.14e-01 Pobj:  6.7816608e-01 Ad: 9.25e-01 Dobj:  5.6346198e+03 
Iter:  4 Ap: 2.31e-01 Pobj:  4.1496499e-01 Ad: 1.00e+00 Dobj:  8.9431464e+03 
Iter:  5 Ap: 7.27e-01 Pobj:  8.1818941e-02 Ad: 1.00e+00 Dobj:  9.4193920e+03 
Iter:  6 Ap: 7.75e-01 Pobj:  1.3650830e-02 Ad: 1.00e+00 Dobj:  9.1758346e+03 
Iter:  7 Ap: 7.18e-01 Pobj:  2.8393929e-03 Ad: 1.00e+00 Dobj:  7.8659628e+03 
Iter:  8 Ap: 7.31e-01 Pobj:  7.5170104e-04 Ad: 1.00e+00 Dobj:  5.6976341e+03 
Iter:  9 Ap: 6.15e-01 Pobj:  4.0306356e-04 Ad: 9.53e-01 Dobj:  4.0874474e+03 
Iter: 10 Ap: 6.40e-01 Pobj:  2.6445511e-04 Ad: 1.00e+00 Dobj:  2.9514965e+03 
Iter: 11 Ap: 1.00e+00 Pobj:  1.8534392e-04 Ad: 1.00e+00 Dobj:  1.2547760e+03 
Iter: 12 Ap: 1.00e+00 Pobj:  1.8526930e-04 Ad: 9.81e-01 Dobj:  7.3557551e+01 
Iter: 13 Ap: 1.00e+00 Pobj:  1.8719704e-04 Ad: 9.94e-01 Dobj:  3.8109127e+00 
Iter: 14 Ap: 1.00e+00 Pobj:  2.3522000e-04 Ad: 1.00e+00 Dobj:  5.5496371e-01 
Iter: 15 Ap: 1.00e+00 Pobj:  3.7047413e-03 Ad: 1.00e+00 Dobj:  4.2674422e-01 
Iter: 16 Ap: 6.79e-02 Pobj:  1.0698487e-01 Ad: 1.09e-01 Dobj:  5.8075097e-01 
Iter: 17 Ap: 7.62e-01 Pobj:  1.2102192e-01 Ad: 1.00e+00 Dobj:  4.7149485e-01 
Iter: 18 Ap: 1.00e+00 Pobj:  1.7901639e-01 Ad: 1.00e+00 Dobj:  3.1578753e-01 
Iter: 19 Ap: 1.00e+00 Pobj:  1.8854424e-01 Ad: 1.00e+00 Dobj:  2.7172874e-01 
Iter: 20 Ap: 1.00e+00 Pobj:  2.1032954e-01 Ad: 1.00e+00 Dobj:  2.4131001e-01 
Iter: 21 Ap: 1.00e+00 Pobj:  2.1911187e-01 Ad: 1.00e+00 Dobj:  2.3394221e-01 
Iter: 22 Ap: 1.00e+00 Pobj:  2.2449110e-01 Ad: 1.00e+00 Dobj:  2.2935426e-01 
Iter: 23 Ap: 1.00e+00 Pobj:  2.2640560e-01 Ad: 1.00e+00 Dobj:  2.2788071e-01 
Iter: 24 Ap: 1.00e+00 Pobj:  2.2706891e-01 Ad: 1.00e+00 Dobj:  2.2739093e-01 
Iter: 25 Ap: 1.00e+00 Pobj:  2.2722459e-01 Ad: 1.00e+00 Dobj:  2.2728185e-01 
Iter: 26 Ap: 8.91e-01 Pobj:  2.2724668e-01 Ad: 5.08e-01 Dobj:  2.2727550e-01 
Iter: 27 Ap: 7.09e-01 Pobj:  2.2725521e-01 Ad: 8.85e-01 Dobj:  2.2726588e-01 
Iter: 28 Ap: 4.27e-01 Pobj:  2.2725780e-01 Ad: 8.65e-01 Dobj:  2.2726579e-01 
Iter: 29 Ap: 1.00e+00 Pobj:  2.2726261e-01 Ad: 1.00e+00 Dobj:  2.2726484e-01 
Iter: 30 Ap: 1.00e+00 Pobj:  2.2726789e-01 Ad: 9.93e-01 Dobj:  2.2726466e-01 
Iter: 31 Ap: 1.00e+00 Pobj:  2.2726913e-01 Ad: 9.72e-01 Dobj:  2.2726870e-01 
Iter: 32 Ap: 1.00e+00 Pobj:  2.2726925e-01 Ad: 9.79e-01 Dobj:  2.2726924e-01 
Iter: 33 Ap: 9.17e-01 Pobj:  2.2726926e-01 Ad: 9.20e-01 Dobj:  2.2726926e-01 
Success: SDP solved
Primal objective value: 2.2726926e-01 
Dual objective value: 2.2726926e-01 
Relative primal infeasibility: 3.38e-12 
Relative dual infeasibility: 1.58e-10 
Real Relative Gap: -9.25e-10 
XZ Relative Gap: 8.73e-10 
DIMACS error measures: 1.60e-11 0.00e+00 4.43e-10 0.00e+00 -9.25e-10 8.73e-10
Elements time: 3.213080 
Factor time: 2.154443 
Other time: 26.006100 
Total time: 31.373623 
