CSDP 6.2.0
Iter:  0 Ap: 0.00e+00 Pobj:  5.3217642e+01 Ad: 0.00e+00 Dobj:  0.0000000e+00 
Iter:  1 Ap: 7.95e-02 Pobj:  2.1065045e+00 Ad: 2.91e-01 Dobj:  5.1944901e+02 
Iter:  2 Ap: 9.96e-02 Pobj:  1.7367502e+00 Ad: 5.49e-01 Dobj:  2.4358824e+03 
Iter:  3 Ap: 3.93e-01 Pobj:  7.1795972e-01 Ad: 9.25e-01 Dobj:  5.7336102e+03 
Iter:  4 Ap: 2.38e-01 Pobj:  4.4126568e-01 Ad: 8.38e-01 Dobj:  8.3509277e+03 
Iter:  5 Ap: 4.63e-01 Pobj:  1.8645382e-01 Ad: 1.00e+00 Dobj:  9.9954054e+03 
Iter:  6 Ap: 7.85e-01 Pobj:  2.6055574e-02 Ad: 1.00e+00 Dobj:  1.0420665e+04 
Iter:  7 Ap: 7.87e-01 Pobj:  4.3446899e-03 Ad: 1.00e+00 Dobj:  9.5032001e+03 
Iter:  8 Ap: 7.38e-01 Pobj:  1.1670193e-03 Ad: 1.00e+00 Dobj:  7.0611322e+03 
Iter:  9 Ap: 5.06e-01 Pobj:  6.6822025e-04 Ad: 8.90e-01 Dobj:  6.3625144e+03 
Iter: 10 Ap: 4.76e-01 Pobj:  4.7531464e-04 Ad: 1.00e+00 Dobj:  5.6452678e+03 
Iter: 11 Ap: 1.00e+00 Pobj:  2.8543922e-04 Ad: 1.00e+00 Dobj:  3.1529106e+03 
Iter: 12 Ap: 1.00e+00 Pobj:  2.8512825e-04 Ad: 9.75e-01 Dobj:  1.9991911e+02 
Iter: 13 Ap: 1.00e+00 Pobj:  2.8653472e-04 Ad: 9.87e-01 Dobj:  1.1360895e+01 
Iter: 14 Ap: 1.00e+00 Pobj:  3.2065582e-04 Ad: 1.00e+00 Dobj:  1.0749692e+00 
Iter: 15 Ap: 1.00e+00 Pobj:  1.8733356e-03 Ad: 1.00e+00 Dobj:  6.5690803e-01 
Iter: 16 Ap: 7.97e-02 Pobj:  1.2127974e-01 Ad: 1.15e-01 Dobj:  8.2045774e-01 
Iter: 17 Ap: 8.77e-01 Pobj:  2.2102767e-01 Ad: 1.00e+00 Dobj:  8.2626181e-01 
Iter: 18 Ap: 1.00e+00 Pobj:  2.8773081e-01 Ad: 1.00e+00 Dobj:  5.7020031e-01 
Iter: 19 Ap: 1.00e+00 Pobj:  3.2012250e-01 Ad: 1.00e+00 Dobj:  4.7196181e-01 
Iter: 20 Ap: 1.00e+00 Pobj:  3.5926147e-01 Ad: 1.00e+00 Dobj:  4.1745342e-01 
Iter: 21 Ap: 1.00e+00 Pobj:  3.7726866e-01 Ad: 1.00e+00 Dobj:  4.0142632e-01 
Iter: 22 Ap: 1.00e+00 Pobj:  3.8503489e-01 Ad: 1.00e+00 Dobj:  3.9497269e-01 
Iter: 23 Ap: 1.00e+00 Pobj:  3.8852384e-01 Ad: 1.00e+00 Dobj:  3.9222826e-01 
Iter: 24 Ap: 1.00e+00 Pobj:  3.8997440e-01 Ad: 1.00e+00 Dobj:  3.9110169e-01 
Iter: 25 Ap: 1.00e+00 Pobj:  3.9045758e-01 Ad: 1.00e+00 Dobj:  3.9074525e-01 
Iter: 26 Ap: 1.00e+00 Pobj:  3.9059255e-01 Ad: 1.00e+00 Dobj:  3.9064821e-01 
Iter: 27 Ap: 7.71e-01 Pobj:  3.9061268e-01 Ad: 8.47e-01 Dobj:  3.9063627e-01 
Iter: 28 Ap: 5.64e-01 Pobj:  3.9061951e-01 Ad: 1.00e+00 Dobj:  3.9063213e-01 
Iter: 29 Ap: 8.57e-01 Pobj:  3.9062696e-01 Ad: 1.00e+00 Dobj:  3.9063152e-01 
Iter: 30 Ap: 1.00e+00 Pobj:  3.9063311e-01 Ad: 9.18e-01 Dobj:  3.9063190e-01 
Iter: 31 Ap: 1.00e+00 Pobj:  3.9063428e-01 Ad: 9.80e-01 Dobj:  3.9063422e-01 
Iter: 32 Ap: 1.00e+00 Pobj:  3.9063449e-01 Ad: 9.97e-01 Dobj:  3.9063450e-01 
Iter: 33 Ap: 9.56e-01 Pobj:  3.9063451e-01 Ad: 9.30e-01 Dobj:  3.9063451e-01 
Success: SDP solved
Primal objective value: 3.9063451e-01 
Dual objective value: 3.9063451e-01 
Relative primal infeasibility: 1.28e-12 
Relative dual infeasibility: 1.54e-10 
Real Relative Gap: -2.89e-10 
XZ Relative Gap: 1.01e-09 
DIMACS error measures: 6.05e-12 0.00e+00 4.29e-10 0.00e+00 -2.89e-10 1.01e-09
Elements time: 3.209688 
Factor time: 2.216466 
Other time: 25.486706 
Total time: 30.912860 
