CSDP 6.2.0
Iter:  0 Ap: 0.00e+00 Pobj:  1.8125411e+05 Ad: 0.00e+00 Dobj:  0.0000000e+00 
Iter:  1 Ap: 1.04e-01 Pobj:  7.1760172e+03 Ad: 1.51e-01 Dobj:  7.5832782e+00 
Iter:  2 Ap: 6.39e-02 Pobj:  7.9896202e+03 Ad: 2.77e-01 Dobj:  6.3255695e+01 
Iter:  3 Ap: 7.28e-02 Pobj:  7.0874365e+03 Ad: 4.37e-01 Dobj:  2.7343703e+02 
Iter:  4 Ap: 1.93e-01 Pobj:  4.3207284e+03 Ad: 3.58e-01 Dobj:  5.8303986e+02 
Iter:  5 Ap: 8.75e-02 Pobj:  3.5474297e+03 Ad: 5.46e-01 Dobj:  1.3135777e+03 
Iter:  6 Ap: 1.65e-01 Pobj:  2.4876387e+03 Ad: 4.82e-01 Dobj:  2.1072985e+03 
Iter:  7 Ap: 1.74e-01 Pobj:  1.7222341e+03 Ad: 3.22e-01 Dobj:  2.7592699e+03 
Iter:  8 Ap: 1.56e-01 Pobj:  1.2317857e+03 Ad: 3.27e-01 Dobj:  3.6123516e+03 
Iter:  9 Ap: 1.66e-01 Pobj:  8.7331298e+02 Ad: 3.84e-01 Dobj:  4.7875433e+03 
Iter: 10 Ap: 2.10e-01 Pobj:  5.6806936e+02 Ad: 5.93e-01 Dobj:  6.8223901e+03 
Iter: 11 Ap: 2.57e-01 Pobj:  3.4760807e+02 Ad: 1.00e+00 Dobj:  1.0361800e+04 
Iter: 12 Ap: 7.47e-01 Pobj:  6.3984197e+01 Ad: 1.00e+00 Dobj:  1.1274967e+04 
Iter: 13 Ap: 8.47e-01 Pobj:  6.7128234e+00 Ad: 1.00e+00 Dobj:  1.1898936e+04 
Iter: 14 Ap: 8.65e-01 Pobj:  6.1023786e-01 Ad: 1.00e+00 Dobj:  1.2484160e+04 
Iter: 15 Ap: 8.58e-01 Pobj:  5.8931868e-02 Ad: 1.00e+00 Dobj:  1.3126100e+04 
Iter: 16 Ap: 8.16e-01 Pobj:  6.9480962e-03 Ad: 1.00e+00 Dobj:  1.4066170e+04 
Iter: 17 Ap: 7.49e-01 Pobj:  8.6326855e-04 Ad: 1.00e+00 Dobj:  1.5894421e+04 
Iter: 18 Ap: 6.92e-01 Pobj:  1.2886571e-04 Ad: 1.00e+00 Dobj:  1.8370151e+04 
Iter: 19 Ap: 6.34e-01 Pobj:  4.8779000e-05 Ad: 5.72e-01 Dobj:  1.8987400e+04 
Iter: 20 Ap: 4.81e-01 Pobj:  3.3202884e-05 Ad: 4.83e-01 Dobj:  1.9116117e+04 
Iter: 21 Ap: 1.43e-01 Pobj:  3.1035823e-05 Ad: 8.71e-01 Dobj:  1.7380880e+04 
Iter: 22 Ap: 2.18e-01 Pobj:  2.8138462e-05 Ad: 9.78e-01 Dobj:  1.5743698e+04 
Iter: 23 Ap: 7.31e-01 Pobj:  2.0697225e-05 Ad: 1.00e+00 Dobj:  1.0786544e+04 
Iter: 24 Ap: 1.00e+00 Pobj:  1.8019105e-05 Ad: 1.00e+00 Dobj:  3.9116605e+03 
Iter: 25 Ap: 1.00e+00 Pobj:  1.8019668e-05 Ad: 9.73e-01 Dobj:  2.5588282e+02 
Iter: 26 Ap: 1.00e+00 Pobj:  1.8124011e-05 Ad: 9.81e-01 Dobj:  1.5937871e+01 
Iter: 27 Ap: 1.00e+00 Pobj:  2.0035007e-05 Ad: 1.00e+00 Dobj:  1.4082188e+00 
Iter: 28 Ap: 1.00e+00 Pobj:  1.0027204e-04 Ad: 1.00e+00 Dobj:  8.1208320e-01 
Iter: 29 Ap: 8.17e-01 Pobj:  8.5407442e-02 Ad: 1.00e+00 Dobj:  8.3525013e-01 
Iter: 30 Ap: 2.34e-01 Pobj:  2.3672924e-01 Ad: 2.15e-01 Dobj:  9.5467539e-01 
Iter: 31 Ap: 3.98e-02 Pobj:  2.4057574e-01 Ad: 2.79e-01 Dobj:  9.6128053e-01 
Iter: 32 Ap: 1.13e-01 Pobj:  2.5219029e-01 Ad: 3.16e-01 Dobj:  9.5297475e-01 
Iter: 33 Ap: 3.81e-01 Pobj:  2.9272744e-01 Ad: 1.00e+00 Dobj:  8.9592670e-01 
Iter: 34 Ap: 8.36e-01 Pobj:  3.8031165e-01 Ad: 1.00e+00 Dobj:  7.8481963e-01 
Iter: 35 Ap: 9.50e-01 Pobj:  4.3242756e-01 Ad: 1.00e+00 Dobj:  6.6041544e-01 
Iter: 36 Ap: 9.39e-01 Pobj:  4.6149236e-01 Ad: 1.00e+00 Dobj:  6.0586677e-01 
Iter: 37 Ap: 1.00e+00 Pobj:  4.9146689e-01 Ad: 1.00e+00 Dobj:  5.7701446e-01 
Iter: 38 Ap: 1.00e+00 Pobj:  5.1620516e-01 Ad: 1.00e+00 Dobj:  5.5841719e-01 
Iter: 39 Ap: 9.68e-01 Pobj:  5.2619998e-01 Ad: 9.97e-01 Dobj:  5.5104214e-01 
Iter: 40 Ap: 1.00e+00 Pobj:  5.3342906e-01 Ad: 1.00e+00 Dobj:  5.4532820e-01 
Iter: 41 Ap: 1.00e+00 Pobj:  5.3722788e-01 Ad: 1.00e+00 Dobj:  5.4215489e-01 
Iter: 42 Ap: 1.00e+00 Pobj:  5.3897899e-01 Ad: 1.00e+00 Dobj:  5.4069806e-01 
Iter: 43 Ap: 1.00e+00 Pobj:  5.3967115e-01 Ad: 1.00e+00 Dobj:  5.4013474e-01 
Iter: 44 Ap: 8.57e-01 Pobj:  5.3981898e-01 Ad: 1.00e+00 Dobj:  5.4000808e-01 
Iter: 45 Ap: 7.40e-01 Pobj:  5.3984694e-01 Ad: 1.00e+00 Dobj:  5.4000916e-01 
Iter: 46 Ap: 1.00e+00 Pobj:  5.3988807e-01 Ad: 1.00e+00 Dobj:  5.3998597e-01 
Iter: 47 Ap: 1.00e+00 Pobj:  5.3992170e-01 Ad: 1.00e+00 Dobj:  5.3996596e-01 
Iter: 48 Ap: 1.00e+00 Pobj:  5.3994515e-01 Ad: 1.00e+00 Dobj:  5.3995431e-01 
Iter: 49 Ap: 8.75e-01 Pobj:  5.3995177e-01 Ad: 1.00e+00 Dobj:  5.3995129e-01 
Iter: 50 Ap: 1.00e+00 Pobj:  5.3995536e-01 Ad: 1.00e+00 Dobj:  5.3995003e-01 
Iter: 51 Ap: 1.00e+00 Pobj:  5.3996214e-01 Ad: 1.00e+00 Dobj:  5.3994802e-01 
Iter: 52 Ap: 1.00e+00 Pobj:  5.3996545e-01 Ad: 1.00e+00 Dobj:  5.3996165e-01 
Iter: 53 Ap: 1.00e+00 Pobj:  5.3996669e-01 Ad: 1.00e+00 Dobj:  5.3996627e-01 
Iter: 54 Ap: 1.00e+00 Pobj:  5.3996710e-01 Ad: 1.00e+00 Dobj:  5.3996705e-01 
Iter: 55 Ap: 9.45e-01 Pobj:  5.3996716e-01 Ad: 9.13e-01 Dobj:  5.3996715e-01 
Success: SDP solved
Primal objective value: 5.3996716e-01 
Dual objective value: 5.3996715e-01 
Relative primal infeasibility: 1.01e-11 
Relative dual infeasibility: 4.15e-10 
Real Relative Gap: -5.94e-09 
XZ Relative Gap: 3.28e-09 
DIMACS error measures: 1.40e-10 0.00e+00 2.53e-09 0.00e+00 -5.94e-09 3.28e-09
Elements time: 8669.282477 
Factor time: 4628.335144 
Other time: 658.247579 
Total time: 13955.865200 
