CSDP 6.2.0
Iter:  0 Ap: 0.00e+00 Pobj:  5.4172295e+01 Ad: 0.00e+00 Dobj:  0.0000000e+00 
Iter:  1 Ap: 7.89e-02 Pobj:  2.1443573e+00 Ad: 2.94e-01 Dobj:  5.2633085e+02 
Iter:  2 Ap: 5.66e-02 Pobj:  1.9439707e+00 Ad: 4.94e-01 Dobj:  2.1984291e+03 
Iter:  3 Ap: 3.99e-01 Pobj:  8.0444955e-01 Ad: 9.23e-01 Dobj:  5.2033364e+03 
Iter:  4 Ap: 2.05e-01 Pobj:  5.2302269e-01 Ad: 1.00e+00 Dobj:  8.2338771e+03 
Iter:  5 Ap: 6.77e-01 Pobj:  1.2766874e-01 Ad: 1.00e+00 Dobj:  8.6706119e+03 
Iter:  6 Ap: 7.23e-01 Pobj:  2.6534345e-02 Ad: 1.00e+00 Dobj:  8.6263960e+03 
Iter:  7 Ap: 6.47e-01 Pobj:  6.7307385e-03 Ad: 1.00e+00 Dobj:  8.0112053e+03 
Iter:  8 Ap: 7.40e-01 Pobj:  1.0060279e-03 Ad: 1.00e+00 Dobj:  6.7659095e+03 
Iter:  9 Ap: 6.68e-01 Pobj:  4.1806556e-04 Ad: 7.32e-01 Dobj:  5.0668980e+03 
Iter: 10 Ap: 3.79e-01 Pobj:  3.1287685e-04 Ad: 9.28e-01 Dobj:  3.7253574e+03 
Iter: 11 Ap: 4.67e-01 Pobj:  2.3186299e-04 Ad: 1.00e+00 Dobj:  2.9343834e+03 
Iter: 12 Ap: 1.00e+00 Pobj:  1.3779791e-04 Ad: 1.00e+00 Dobj:  1.5002743e+03 
Iter: 13 Ap: 1.00e+00 Pobj:  1.3784389e-04 Ad: 9.80e-01 Dobj:  8.9172700e+01 
Iter: 14 Ap: 1.00e+00 Pobj:  1.3885534e-04 Ad: 9.91e-01 Dobj:  4.7113435e+00 
Iter: 15 Ap: 1.00e+00 Pobj:  1.6025170e-04 Ad: 1.00e+00 Dobj:  5.0453540e-01 
Iter: 16 Ap: 1.00e+00 Pobj:  1.2530686e-03 Ad: 1.00e+00 Dobj:  3.3518030e-01 
Iter: 17 Ap: 9.70e-02 Pobj:  1.0504171e-01 Ad: 1.47e-01 Dobj:  4.8488181e-01 
Iter: 18 Ap: 5.41e-01 Pobj:  1.0931805e-01 Ad: 1.00e+00 Dobj:  3.7868511e-01 
Iter: 19 Ap: 9.68e-01 Pobj:  1.5600953e-01 Ad: 1.00e+00 Dobj:  2.6833946e-01 
Iter: 20 Ap: 1.00e+00 Pobj:  1.6375764e-01 Ad: 1.00e+00 Dobj:  2.3800198e-01 
Iter: 21 Ap: 1.00e+00 Pobj:  1.8684559e-01 Ad: 1.00e+00 Dobj:  2.1244454e-01 
Iter: 22 Ap: 1.00e+00 Pobj:  1.9560095e-01 Ad: 1.00e+00 Dobj:  2.0577427e-01 
Iter: 23 Ap: 1.00e+00 Pobj:  1.9983034e-01 Ad: 1.00e+00 Dobj:  2.0284724e-01 
Iter: 24 Ap: 1.00e+00 Pobj:  2.0121422e-01 Ad: 1.00e+00 Dobj:  2.0193081e-01 
Iter: 25 Ap: 1.00e+00 Pobj:  2.0156369e-01 Ad: 1.00e+00 Dobj:  2.0170442e-01 
Iter: 26 Ap: 1.00e+00 Pobj:  2.0163188e-01 Ad: 9.60e-01 Dobj:  2.0166481e-01 
Iter: 27 Ap: 4.79e-01 Pobj:  2.0163910e-01 Ad: 4.59e-01 Dobj:  2.0166223e-01 
Iter: 28 Ap: 1.00e+00 Pobj:  2.0164426e-01 Ad: 1.00e+00 Dobj:  2.0165973e-01 
Iter: 29 Ap: 1.00e+00 Pobj:  2.0165528e-01 Ad: 9.03e-01 Dobj:  2.0165585e-01 
Iter: 30 Ap: 1.00e+00 Pobj:  2.0165812e-01 Ad: 1.00e+00 Dobj:  2.0165812e-01 
Iter: 31 Ap: 1.00e+00 Pobj:  2.0165987e-01 Ad: 9.18e-01 Dobj:  2.0165944e-01 
Iter: 32 Ap: 1.00e+00 Pobj:  2.0166008e-01 Ad: 9.80e-01 Dobj:  2.0166006e-01 
Iter: 33 Ap: 9.59e-01 Pobj:  2.0166010e-01 Ad: 9.39e-01 Dobj:  2.0166009e-01 
Success: SDP solved
Primal objective value: 2.0166010e-01 
Dual objective value: 2.0166009e-01 
Relative primal infeasibility: 7.08e-13 
Relative dual infeasibility: 2.55e-10 
Real Relative Gap: -1.28e-09 
XZ Relative Gap: 1.22e-09 
DIMACS error measures: 3.36e-12 0.00e+00 7.08e-10 0.00e+00 -1.28e-09 1.22e-09
Elements time: 3.412262 
Factor time: 2.052395 
Other time: 24.270882 
Total time: 29.735539 
