CSDP 6.2.0
Iter:  0 Ap: 0.00e+00 Pobj:  4.0324683e+01 Ad: 0.00e+00 Dobj:  0.0000000e+00 
Iter:  1 Ap: 8.02e-02 Pobj:  1.5948713e+00 Ad: 1.53e-01 Dobj:  5.8428876e+02 
Iter:  2 Ap: 2.75e-02 Pobj:  1.4085746e+00 Ad: 3.29e-01 Dobj:  4.7683073e+03 
Iter:  3 Ap: 5.93e-02 Pobj:  1.1394455e+00 Ad: 3.81e-01 Dobj:  1.5112443e+04 
Iter:  4 Ap: 2.70e-01 Pobj:  5.9338589e-01 Ad: 8.09e-01 Dobj:  3.6875317e+04 
Iter:  5 Ap: 2.49e-01 Pobj:  3.2451699e-01 Ad: 8.81e-01 Dobj:  7.7623214e+04 
Iter:  6 Ap: 3.88e-01 Pobj:  1.4210067e-01 Ad: 8.44e-01 Dobj:  1.1224014e+05 
Iter:  7 Ap: 7.08e-01 Pobj:  2.4407939e-02 Ad: 1.00e+00 Dobj:  1.2368668e+05 
Iter:  8 Ap: 6.88e-01 Pobj:  5.4655228e-03 Ad: 1.00e+00 Dobj:  1.1378734e+05 
Iter:  9 Ap: 7.08e-01 Pobj:  1.5188359e-03 Ad: 1.00e+00 Dobj:  7.9764371e+04 
Iter: 10 Ap: 7.12e-01 Pobj:  5.3507233e-04 Ad: 1.00e+00 Dobj:  5.0925059e+04 
Iter: 11 Ap: 7.45e-01 Pobj:  2.6344217e-04 Ad: 1.00e+00 Dobj:  3.0164932e+04 
Iter: 12 Ap: 1.00e+00 Pobj:  1.6303268e-04 Ad: 1.00e+00 Dobj:  1.4805826e+04 
Iter: 13 Ap: 1.00e+00 Pobj:  1.6228890e-04 Ad: 9.78e-01 Dobj:  8.9406864e+02 
Iter: 14 Ap: 1.00e+00 Pobj:  1.6196393e-04 Ad: 9.88e-01 Dobj:  4.7982936e+01 
Iter: 15 Ap: 1.00e+00 Pobj:  1.6831792e-04 Ad: 1.00e+00 Dobj:  2.9528757e+00 
Iter: 16 Ap: 1.00e+00 Pobj:  3.9097849e-04 Ad: 1.00e+00 Dobj:  1.1229476e+00 
Iter: 17 Ap: 1.00e+00 Pobj:  7.8108657e-02 Ad: 1.00e+00 Dobj:  1.0883911e+00 
Iter: 18 Ap: 6.25e-01 Pobj:  1.4993101e-01 Ad: 1.00e+00 Dobj:  7.6452235e-01 
Iter: 19 Ap: 9.77e-01 Pobj:  1.6874863e-01 Ad: 1.00e+00 Dobj:  6.1747654e-01 
Iter: 20 Ap: 1.00e+00 Pobj:  1.9737199e-01 Ad: 1.00e+00 Dobj:  3.6625669e-01 
Iter: 21 Ap: 1.00e+00 Pobj:  2.0987499e-01 Ad: 1.00e+00 Dobj:  3.0491648e-01 
Iter: 22 Ap: 1.00e+00 Pobj:  2.1877448e-01 Ad: 1.00e+00 Dobj:  2.6286441e-01 
Iter: 23 Ap: 1.00e+00 Pobj:  2.2356801e-01 Ad: 1.00e+00 Dobj:  2.4284918e-01 
Iter: 24 Ap: 1.00e+00 Pobj:  2.2601038e-01 Ad: 1.00e+00 Dobj:  2.3238801e-01 
Iter: 25 Ap: 1.00e+00 Pobj:  2.2689064e-01 Ad: 1.00e+00 Dobj:  2.2864466e-01 
Iter: 26 Ap: 1.00e+00 Pobj:  2.2713124e-01 Ad: 9.86e-01 Dobj:  2.2765316e-01 
Iter: 27 Ap: 5.69e-01 Pobj:  2.2715625e-01 Ad: 6.38e-01 Dobj:  2.2754927e-01 
Iter: 28 Ap: 4.72e-01 Pobj:  2.2716943e-01 Ad: 8.51e-01 Dobj:  2.2749050e-01 
Iter: 29 Ap: 1.00e+00 Pobj:  2.2720993e-01 Ad: 7.52e-01 Dobj:  2.2741906e-01 
Iter: 30 Ap: 1.00e+00 Pobj:  2.2724235e-01 Ad: 9.89e-01 Dobj:  2.2730226e-01 
Iter: 31 Ap: 4.48e-01 Pobj:  2.2724501e-01 Ad: 1.00e+00 Dobj:  2.2729271e-01 
Iter: 32 Ap: 8.74e-01 Pobj:  2.2725301e-01 Ad: 1.00e+00 Dobj:  2.2727879e-01 
Iter: 33 Ap: 1.00e+00 Pobj:  2.2725900e-01 Ad: 1.00e+00 Dobj:  2.2727064e-01 
Iter: 34 Ap: 8.66e-01 Pobj:  2.2726220e-01 Ad: 8.87e-01 Dobj:  2.2726658e-01 
Iter: 35 Ap: 7.90e-01 Pobj:  2.2726382e-01 Ad: 1.00e+00 Dobj:  2.2726417e-01 
Iter: 36 Ap: 1.00e+00 Pobj:  2.2726700e-01 Ad: 1.00e+00 Dobj:  2.2726199e-01 
Iter: 37 Ap: 1.00e+00 Pobj:  2.2726864e-01 Ad: 9.99e-01 Dobj:  2.2726322e-01 
Iter: 38 Ap: 1.00e+00 Pobj:  2.2726911e-01 Ad: 9.36e-01 Dobj:  2.2726817e-01 
Iter: 39 Ap: 1.00e+00 Pobj:  2.2726924e-01 Ad: 9.97e-01 Dobj:  2.2726918e-01 
Iter: 40 Ap: 9.33e-01 Pobj:  2.2726926e-01 Ad: 9.47e-01 Dobj:  2.2726925e-01 
Success: SDP solved
Primal objective value: 2.2726926e-01 
Dual objective value: 2.2726925e-01 
Relative primal infeasibility: 7.99e-13 
Relative dual infeasibility: 3.72e-10 
Real Relative Gap: -3.50e-09 
XZ Relative Gap: 2.45e-09 
DIMACS error measures: 2.30e-11 0.00e+00 1.05e-09 0.00e+00 -3.50e-09 2.45e-09
Elements time: 71.900232 
Factor time: 25.365618 
Other time: 49.881262 
Total time: 147.147113 
