Reading problem outline... SDP_n6_LB_F_edges8blind__objectivee.txt.dat-s
With scale 15
Reading solution file...
Solution loaded....
Rounding using pickle starts...
Working on rounding matrix 0 / 51
Matrix 0 / 51  is rounded
Working on rounding matrix 1 / 51
Matrix 1 / 51  is rounded
Working on rounding matrix 2 / 51
Matrix 2 / 51  is rounded
Working on rounding matrix 3 / 51
Matrix 3 / 51  is rounded
Working on rounding matrix 4 / 51
Matrix 4 / 51  is rounded
Working on rounding matrix 5 / 51
Matrix 5 / 51  is rounded
Working on rounding matrix 6 / 51
Matrix 6 / 51  is rounded
Working on rounding matrix 7 / 51
Matrix 7 / 51  is rounded
Working on rounding matrix 8 / 51
Matrix 8 / 51  is rounded
Working on rounding matrix 9 / 51
Matrix 9 / 51  is rounded
Working on rounding matrix 10 / 51
Matrix 10 / 51  is rounded
Working on rounding matrix 11 / 51
Matrix 11 / 51  is rounded
Working on rounding matrix 12 / 51
Matrix 12 / 51  is rounded
Working on rounding matrix 13 / 51
Matrix 13 / 51  is rounded
Working on rounding matrix 14 / 51
Matrix 14 / 51  is rounded
Working on rounding matrix 15 / 51
Matrix 15 / 51  is rounded
Working on rounding matrix 16 / 51
Matrix 16 / 51  is rounded
Working on rounding matrix 17 / 51
Matrix 17 / 51  is rounded
Working on rounding matrix 18 / 51
Matrix 18 / 51  is rounded
Working on rounding matrix 19 / 51
Matrix 19 / 51  is rounded
Working on rounding matrix 20 / 51
Matrix 20 / 51  is rounded
Working on rounding matrix 21 / 51
Matrix 21 / 51  is rounded
Working on rounding matrix 22 / 51
Matrix 22 / 51  is rounded
Working on rounding matrix 23 / 51
Matrix 23 / 51  is rounded
Working on rounding matrix 24 / 51
Matrix 24 / 51  is rounded
Working on rounding matrix 25 / 51
Matrix 25 / 51  is rounded
Working on rounding matrix 26 / 51
Matrix 26 / 51  is rounded
Working on rounding matrix 27 / 51
Matrix 27 / 51  is rounded
Working on rounding matrix 28 / 51
Matrix 28 / 51  is rounded
Working on rounding matrix 29 / 51
Matrix 29 / 51  is rounded
Working on rounding matrix 30 / 51
Matrix 30 / 51  is rounded
Working on rounding matrix 31 / 51
Matrix 31 / 51  is rounded
Working on rounding matrix 32 / 51
Matrix 32 / 51  is rounded
Working on rounding matrix 33 / 51
Matrix 33 / 51  is rounded
Working on rounding matrix 34 / 51
Matrix 34 / 51  is rounded
Working on rounding matrix 35 / 51
Matrix 35 / 51  is rounded
Working on rounding matrix 36 / 51
Matrix 36 / 51  is rounded
Working on rounding matrix 37 / 51
Matrix 37 / 51  is rounded
Working on rounding matrix 38 / 51
Matrix 38 / 51  is rounded
Working on rounding matrix 39 / 51
Matrix 39 / 51  is rounded
Working on rounding matrix 40 / 51
Matrix 40 / 51  is rounded
Working on rounding matrix 41 / 51
Matrix 41 / 51  is rounded
Working on rounding matrix 42 / 51
Matrix 42 / 51  is rounded
Working on rounding matrix 43 / 51
Matrix 43 / 51  is rounded
Working on rounding matrix 44 / 51
Matrix 44 / 51  is rounded
Working on rounding matrix 45 / 51
Matrix 45 / 51  is rounded
Working on rounding matrix 46 / 51
Matrix 46 / 51  is rounded
Working on rounding matrix 47 / 51
Matrix 47 / 51  is rounded
Working on rounding matrix 48 / 51
Matrix 48 / 51  is rounded
Working on rounding matrix 49 / 51
Matrix 49 / 51  is rounded
Working on rounding matrix 50 / 51
Matrix 50 / 51  is rounded
Working on rounding matrix 51 / 51
Matrix 51 / 51  is rounded
Solution pickled.
