CSDP 6.2.0
Iter:  0 Ap: 0.00e+00 Pobj:  5.3217642e+01 Ad: 0.00e+00 Dobj:  0.0000000e+00 
Iter:  1 Ap: 7.93e-02 Pobj:  2.1066461e+00 Ad: 3.18e-01 Dobj:  5.6674037e+02 
Iter:  2 Ap: 1.80e-02 Pobj:  2.0575949e+00 Ad: 3.96e-01 Dobj:  1.7762479e+03 
Iter:  3 Ap: 5.40e-02 Pobj:  1.8830658e+00 Ad: 2.16e-01 Dobj:  2.6249991e+03 
Iter:  4 Ap: 4.06e-01 Pobj:  6.9817188e-01 Ad: 9.13e-01 Dobj:  6.1059324e+03 
Iter:  5 Ap: 2.17e-01 Pobj:  4.4762589e-01 Ad: 7.19e-01 Dobj:  8.7774219e+03 
Iter:  6 Ap: 5.27e-01 Pobj:  1.3495140e-01 Ad: 8.31e-01 Dobj:  1.0894153e+04 
Iter:  7 Ap: 7.17e-01 Pobj:  2.5863917e-02 Ad: 1.00e+00 Dobj:  1.1886396e+04 
Iter:  8 Ap: 7.42e-01 Pobj:  4.0757827e-03 Ad: 1.00e+00 Dobj:  1.2475453e+04 
Iter:  9 Ap: 7.59e-01 Pobj:  1.1561165e-03 Ad: 1.00e+00 Dobj:  1.0361091e+04 
Iter: 10 Ap: 8.20e-01 Pobj:  5.2497866e-04 Ad: 8.88e-01 Dobj:  6.6575561e+03 
Iter: 11 Ap: 7.57e-01 Pobj:  3.9662054e-04 Ad: 1.00e+00 Dobj:  3.5297923e+03 
Iter: 12 Ap: 1.00e+00 Pobj:  3.5300622e-04 Ad: 1.00e+00 Dobj:  9.7793469e+02 
Iter: 13 Ap: 1.00e+00 Pobj:  3.5297271e-04 Ad: 9.89e-01 Dobj:  4.9800688e+01 
Iter: 14 Ap: 1.00e+00 Pobj:  3.6356566e-04 Ad: 1.00e+00 Dobj:  2.7655103e+00 
Iter: 15 Ap: 1.00e+00 Pobj:  6.9762093e-04 Ad: 1.00e+00 Dobj:  8.6363464e-01 
Iter: 16 Ap: 1.00e+00 Pobj:  7.7739844e-02 Ad: 1.00e+00 Dobj:  8.5438153e-01 
Iter: 17 Ap: 3.15e-01 Pobj:  2.4905270e-01 Ad: 5.78e-01 Dobj:  1.0192805e+00 
Iter: 18 Ap: 8.82e-01 Pobj:  2.7801185e-01 Ad: 1.00e+00 Dobj:  9.0628953e-01 
Iter: 19 Ap: 1.00e+00 Pobj:  3.8576244e-01 Ad: 9.96e-01 Dobj:  6.6055664e-01 
Iter: 20 Ap: 1.00e+00 Pobj:  4.1562512e-01 Ad: 1.00e+00 Dobj:  5.7302857e-01 
Iter: 21 Ap: 1.00e+00 Pobj:  4.5177671e-01 Ad: 1.00e+00 Dobj:  5.2574575e-01 
Iter: 22 Ap: 1.00e+00 Pobj:  4.7673287e-01 Ad: 1.00e+00 Dobj:  5.0634724e-01 
Iter: 23 Ap: 1.00e+00 Pobj:  4.8750801e-01 Ad: 1.00e+00 Dobj:  4.9838395e-01 
Iter: 24 Ap: 1.00e+00 Pobj:  4.9173441e-01 Ad: 1.00e+00 Dobj:  4.9524371e-01 
Iter: 25 Ap: 1.00e+00 Pobj:  4.9322396e-01 Ad: 1.00e+00 Dobj:  4.9410754e-01 
Iter: 26 Ap: 1.00e+00 Pobj:  4.9363267e-01 Ad: 1.00e+00 Dobj:  4.9378842e-01 
Iter: 27 Ap: 1.00e+00 Pobj:  4.9370308e-01 Ad: 9.39e-01 Dobj:  4.9373747e-01 
Iter: 28 Ap: 6.94e-01 Pobj:  4.9371243e-01 Ad: 4.13e-01 Dobj:  4.9373391e-01 
Iter: 29 Ap: 8.22e-01 Pobj:  4.9371921e-01 Ad: 1.00e+00 Dobj:  4.9372516e-01 
Iter: 30 Ap: 8.59e-01 Pobj:  4.9372546e-01 Ad: 1.00e+00 Dobj:  4.9372300e-01 
Iter: 31 Ap: 1.00e+00 Pobj:  4.9372995e-01 Ad: 1.00e+00 Dobj:  4.9372858e-01 
Iter: 32 Ap: 1.00e+00 Pobj:  4.9373110e-01 Ad: 1.00e+00 Dobj:  4.9373088e-01 
Iter: 33 Ap: 1.00e+00 Pobj:  4.9373124e-01 Ad: 9.93e-01 Dobj:  4.9373124e-01 
Iter: 34 Ap: 9.17e-01 Pobj:  4.9373125e-01 Ad: 9.44e-01 Dobj:  4.9373125e-01 
Success: SDP solved
Primal objective value: 4.9373125e-01 
Dual objective value: 4.9373125e-01 
Relative primal infeasibility: 5.21e-12 
Relative dual infeasibility: 6.86e-11 
Real Relative Gap: -1.08e-11 
XZ Relative Gap: 8.64e-10 
DIMACS error measures: 2.47e-11 0.00e+00 1.92e-10 0.00e+00 -1.08e-11 8.64e-10
Elements time: 3.453518 
Factor time: 2.482059 
Other time: 28.229383 
Total time: 34.164959 
