Reading problem outline... SDP_n7_LB_F_edges16partition__objective.txt.dat-s
With scale 21
Reading solution file...
Solution loaded....
Rounding using pickle starts...
Working on rounding matrix 0 / 40
Matrix 0 / 40  is rounded
Working on rounding matrix 1 / 40
Matrix 1 / 40  is rounded
Working on rounding matrix 2 / 40
Matrix 2 / 40  is rounded
Working on rounding matrix 3 / 40
Matrix 3 / 40  is rounded
Working on rounding matrix 4 / 40
Matrix 4 / 40  is rounded
Working on rounding matrix 5 / 40
Matrix 5 / 40  is rounded
Working on rounding matrix 6 / 40
Matrix 6 / 40  is rounded
Working on rounding matrix 7 / 40
Matrix 7 / 40  is rounded
Working on rounding matrix 8 / 40
Matrix 8 / 40  is rounded
Working on rounding matrix 9 / 40
Matrix 9 / 40  is rounded
Working on rounding matrix 10 / 40
Matrix 10 / 40  is rounded
Working on rounding matrix 11 / 40
Matrix 11 / 40  is rounded
Working on rounding matrix 12 / 40
Matrix 12 / 40  is rounded
Working on rounding matrix 13 / 40
Matrix 13 / 40  is rounded
Working on rounding matrix 14 / 40
Matrix 14 / 40  is rounded
Working on rounding matrix 15 / 40
Matrix 15 / 40  is rounded
Working on rounding matrix 16 / 40
Matrix 16 / 40  is rounded
Working on rounding matrix 17 / 40
Matrix 17 / 40  is rounded
Working on rounding matrix 18 / 40
Matrix 18 / 40  is rounded
Working on rounding matrix 19 / 40
Matrix 19 / 40  is rounded
Working on rounding matrix 20 / 40
Matrix 20 / 40  is rounded
Working on rounding matrix 21 / 40
Matrix 21 / 40  is rounded
Working on rounding matrix 22 / 40
Matrix 22 / 40  is rounded
Working on rounding matrix 23 / 40
Matrix 23 / 40  is rounded
Working on rounding matrix 24 / 40
Matrix 24 / 40  is rounded
Working on rounding matrix 25 / 40
Matrix 25 / 40  is rounded
Working on rounding matrix 26 / 40
Matrix 26 / 40  is rounded
Working on rounding matrix 27 / 40
Matrix 27 / 40  is rounded
Working on rounding matrix 28 / 40
Matrix 28 / 40  is rounded
Working on rounding matrix 29 / 40
Matrix 29 / 40  is rounded
Working on rounding matrix 30 / 40
Matrix 30 / 40  is rounded
Working on rounding matrix 31 / 40
Matrix 31 / 40  is rounded
Working on rounding matrix 32 / 40
Matrix 32 / 40  is rounded
Working on rounding matrix 33 / 40
Matrix 33 / 40  is rounded
Working on rounding matrix 34 / 40
Matrix 34 / 40  is rounded
Working on rounding matrix 35 / 40
Matrix 35 / 40  is rounded
Working on rounding matrix 36 / 40
Matrix 36 / 40  is rounded
Working on rounding matrix 37 / 40
Matrix 37 / 40  is rounded
Working on rounding matrix 38 / 40
Matrix 38 / 40  is rounded
Working on rounding matrix 39 / 40
Matrix 39 / 40  is rounded
Working on rounding matrix 40 / 40
Matrix 40 / 40  is rounded
Solution pickled.
