CSDP 6.2.0
Iter:  0 Ap: 0.00e+00 Pobj:  5.3217642e+01 Ad: 0.00e+00 Dobj:  0.0000000e+00 
Iter:  1 Ap: 7.91e-02 Pobj:  2.1065949e+00 Ad: 2.99e-01 Dobj:  5.3218912e+02 
Iter:  2 Ap: 5.91e-02 Pobj:  1.9089304e+00 Ad: 4.91e-01 Dobj:  2.1794736e+03 
Iter:  3 Ap: 1.60e-01 Pobj:  1.3780449e+00 Ad: 5.14e-01 Dobj:  4.3740440e+03 
Iter:  4 Ap: 4.24e-01 Pobj:  5.6839392e-01 Ad: 8.20e-01 Dobj:  7.0990426e+03 
Iter:  5 Ap: 2.89e-01 Pobj:  2.7362203e-01 Ad: 5.80e-01 Dobj:  1.0081424e+04 
Iter:  6 Ap: 5.82e-01 Pobj:  7.1104869e-02 Ad: 1.00e+00 Dobj:  1.2960213e+04 
Iter:  7 Ap: 8.30e-01 Pobj:  8.3202871e-03 Ad: 1.00e+00 Dobj:  1.3053454e+04 
Iter:  8 Ap: 7.95e-01 Pobj:  1.6002687e-03 Ad: 1.00e+00 Dobj:  1.0963348e+04 
Iter:  9 Ap: 8.17e-01 Pobj:  5.7631142e-04 Ad: 8.99e-01 Dobj:  6.9965426e+03 
Iter: 10 Ap: 8.14e-01 Pobj:  3.6239858e-04 Ad: 1.00e+00 Dobj:  4.2587082e+03 
Iter: 11 Ap: 1.00e+00 Pobj:  3.1798332e-04 Ad: 1.00e+00 Dobj:  1.3649571e+03 
Iter: 12 Ap: 1.00e+00 Pobj:  3.1761333e-04 Ad: 9.85e-01 Dobj:  7.4146148e+01 
Iter: 13 Ap: 1.00e+00 Pobj:  3.2286918e-04 Ad: 1.00e+00 Dobj:  3.6856452e+00 
Iter: 14 Ap: 1.00e+00 Pobj:  4.8541900e-04 Ad: 1.00e+00 Dobj:  8.1681973e-01 
Iter: 15 Ap: 1.00e+00 Pobj:  2.1702648e-02 Ad: 1.00e+00 Dobj:  7.2141984e-01 
Iter: 16 Ap: 1.35e-01 Pobj:  2.4071199e-01 Ad: 1.95e-01 Dobj:  9.8980342e-01 
Iter: 17 Ap: 1.00e+00 Pobj:  2.4890110e-01 Ad: 1.00e+00 Dobj:  8.5411574e-01 
Iter: 18 Ap: 9.40e-01 Pobj:  3.7207466e-01 Ad: 1.00e+00 Dobj:  6.0366510e-01 
Iter: 19 Ap: 1.00e+00 Pobj:  3.8872946e-01 Ad: 1.00e+00 Dobj:  5.3313595e-01 
Iter: 20 Ap: 1.00e+00 Pobj:  4.3520751e-01 Ad: 1.00e+00 Dobj:  4.8568596e-01 
Iter: 21 Ap: 1.00e+00 Pobj:  4.5368604e-01 Ad: 1.00e+00 Dobj:  4.7363720e-01 
Iter: 22 Ap: 1.00e+00 Pobj:  4.6162495e-01 Ad: 1.00e+00 Dobj:  4.6828158e-01 
Iter: 23 Ap: 1.00e+00 Pobj:  4.6476131e-01 Ad: 1.00e+00 Dobj:  4.6620438e-01 
Iter: 24 Ap: 1.00e+00 Pobj:  4.6547929e-01 Ad: 1.00e+00 Dobj:  4.6572625e-01 
Iter: 25 Ap: 1.00e+00 Pobj:  4.6560661e-01 Ad: 9.41e-01 Dobj:  4.6564664e-01 
Iter: 26 Ap: 6.29e-01 Pobj:  4.6561747e-01 Ad: 4.58e-01 Dobj:  4.6564154e-01 
Iter: 27 Ap: 1.00e+00 Pobj:  4.6562763e-01 Ad: 9.44e-01 Dobj:  4.6563398e-01 
Iter: 28 Ap: 6.87e-01 Pobj:  4.6562911e-01 Ad: 1.00e+00 Dobj:  4.6563442e-01 
Iter: 29 Ap: 1.00e+00 Pobj:  4.6563410e-01 Ad: 1.00e+00 Dobj:  4.6563448e-01 
Iter: 30 Ap: 1.00e+00 Pobj:  4.6563787e-01 Ad: 9.27e-01 Dobj:  4.6563658e-01 
Iter: 31 Ap: 1.00e+00 Pobj:  4.6563835e-01 Ad: 9.74e-01 Dobj:  4.6563829e-01 
Iter: 32 Ap: 9.58e-01 Pobj:  4.6563840e-01 Ad: 9.40e-01 Dobj:  4.6563839e-01 
Success: SDP solved
Primal objective value: 4.6563840e-01 
Dual objective value: 4.6563839e-01 
Relative primal infeasibility: 3.28e-13 
Relative dual infeasibility: 6.18e-10 
Real Relative Gap: -3.60e-09 
XZ Relative Gap: 2.45e-09 
DIMACS error measures: 1.55e-12 0.00e+00 1.73e-09 0.00e+00 -3.60e-09 2.45e-09
Elements time: 3.027227 
Factor time: 2.067298 
Other time: 24.711968 
Total time: 29.806494 
