CSDP 6.2.0
Iter:  0 Ap: 0.00e+00 Pobj:  2.1498765e+05 Ad: 0.00e+00 Dobj:  0.0000000e+00 
Iter:  1 Ap: 1.03e-01 Pobj:  8.5106818e+03 Ad: 1.39e-01 Dobj:  6.4231122e+00 
Iter:  2 Ap: 6.31e-02 Pobj:  9.1436079e+03 Ad: 2.39e-01 Dobj:  5.1498297e+01 
Iter:  3 Ap: 1.18e-01 Pobj:  7.6958620e+03 Ad: 4.53e-01 Dobj:  2.6039401e+02 
Iter:  4 Ap: 1.36e-01 Pobj:  5.5703769e+03 Ad: 5.04e-01 Dobj:  7.2408749e+02 
Iter:  5 Ap: 5.50e-02 Pobj:  4.9930063e+03 Ad: 4.93e-01 Dobj:  1.3619535e+03 
Iter:  6 Ap: 1.47e-01 Pobj:  3.7623990e+03 Ad: 6.75e-01 Dobj:  2.2866853e+03 
Iter:  7 Ap: 1.79e-01 Pobj:  2.6582053e+03 Ad: 7.19e-01 Dobj:  3.3137242e+03 
Iter:  8 Ap: 1.79e-01 Pobj:  1.8699193e+03 Ad: 1.90e-01 Dobj:  3.6165417e+03 
Iter:  9 Ap: 6.08e-02 Pobj:  1.6477515e+03 Ad: 2.26e-01 Dobj:  4.1868347e+03 
Iter: 10 Ap: 1.44e-01 Pobj:  1.2653856e+03 Ad: 3.55e-01 Dobj:  4.9204410e+03 
Iter: 11 Ap: 2.57e-01 Pobj:  7.7295047e+02 Ad: 4.97e-01 Dobj:  5.9757585e+03 
Iter: 12 Ap: 2.03e-01 Pobj:  5.5114760e+02 Ad: 1.00e+00 Dobj:  8.1108548e+03 
Iter: 13 Ap: 6.42e-01 Pobj:  1.6188832e+02 Ad: 1.00e+00 Dobj:  8.8293443e+03 
Iter: 14 Ap: 7.98e-01 Pobj:  2.4043337e+01 Ad: 1.00e+00 Dobj:  9.3636528e+03 
Iter: 15 Ap: 8.34e-01 Pobj:  2.8657069e+00 Ad: 1.00e+00 Dobj:  9.8393700e+03 
Iter: 16 Ap: 8.26e-01 Pobj:  3.6923705e-01 Ad: 1.00e+00 Dobj:  1.0327922e+04 
Iter: 17 Ap: 7.93e-01 Pobj:  5.8029454e-02 Ad: 1.00e+00 Dobj:  1.0905896e+04 
Iter: 18 Ap: 7.06e-01 Pobj:  1.3044314e-02 Ad: 1.00e+00 Dobj:  1.1746439e+04 
Iter: 19 Ap: 5.88e-01 Pobj:  4.1227274e-03 Ad: 1.00e+00 Dobj:  1.3040113e+04 
Iter: 20 Ap: 4.77e-01 Pobj:  1.5695817e-03 Ad: 1.00e+00 Dobj:  1.5671829e+04 
Iter: 21 Ap: 5.31e-01 Pobj:  4.4482189e-04 Ad: 1.00e+00 Dobj:  1.9268309e+04 
Iter: 22 Ap: 5.91e-01 Pobj:  1.1413293e-04 Ad: 1.00e+00 Dobj:  2.1618102e+04 
Iter: 23 Ap: 1.91e-01 Pobj:  8.8430604e-05 Ad: 1.00e+00 Dobj:  2.5415381e+04 
Iter: 24 Ap: 4.61e-01 Pobj:  4.5375692e-05 Ad: 1.00e+00 Dobj:  2.7184421e+04 
Iter: 25 Ap: 6.56e-01 Pobj:  2.2759936e-05 Ad: 1.00e+00 Dobj:  2.1887275e+04 
Iter: 26 Ap: 1.00e+00 Pobj:  1.4077577e-05 Ad: 1.00e+00 Dobj:  1.1061321e+04 
Iter: 27 Ap: 1.00e+00 Pobj:  1.4012703e-05 Ad: 9.69e-01 Dobj:  7.6767131e+02 
Iter: 28 Ap: 1.00e+00 Pobj:  1.3968339e-05 Ad: 9.74e-01 Dobj:  5.1455771e+01 
Iter: 29 Ap: 1.00e+00 Pobj:  1.4244749e-05 Ad: 9.92e-01 Dobj:  3.1498037e+00 
Iter: 30 Ap: 1.00e+00 Pobj:  2.2071801e-05 Ad: 1.00e+00 Dobj:  7.5051820e-01 
Iter: 31 Ap: 1.00e+00 Pobj:  1.1648502e-03 Ad: 1.00e+00 Dobj:  6.5487000e-01 
Iter: 32 Ap: 1.38e-02 Pobj:  1.3099120e-01 Ad: 1.88e-02 Dobj:  8.2868925e-01 
Iter: 33 Ap: 4.59e-01 Pobj:  2.2388988e-01 Ad: 1.00e+00 Dobj:  9.4351934e-01 
Iter: 34 Ap: 9.82e-01 Pobj:  3.2573543e-01 Ad: 1.00e+00 Dobj:  7.6253277e-01 
Iter: 35 Ap: 1.00e+00 Pobj:  3.8303351e-01 Ad: 1.00e+00 Dobj:  6.3588882e-01 
Iter: 36 Ap: 1.00e+00 Pobj:  4.3467746e-01 Ad: 1.00e+00 Dobj:  5.6094162e-01 
Iter: 37 Ap: 1.00e+00 Pobj:  4.6790527e-01 Ad: 1.00e+00 Dobj:  5.3064027e-01 
Iter: 38 Ap: 1.00e+00 Pobj:  4.9220794e-01 Ad: 1.00e+00 Dobj:  5.1803315e-01 
Iter: 39 Ap: 1.00e+00 Pobj:  5.0293624e-01 Ad: 9.78e-01 Dobj:  5.1298099e-01 
Iter: 40 Ap: 1.00e+00 Pobj:  5.0725756e-01 Ad: 9.82e-01 Dobj:  5.1059635e-01 
Iter: 41 Ap: 1.00e+00 Pobj:  5.0874021e-01 Ad: 1.00e+00 Dobj:  5.0970062e-01 
Iter: 42 Ap: 1.00e+00 Pobj:  5.0917698e-01 Ad: 9.58e-01 Dobj:  5.0945365e-01 
Iter: 43 Ap: 4.80e-01 Pobj:  5.0921972e-01 Ad: 7.28e-01 Dobj:  5.0941324e-01 
Iter: 44 Ap: 4.05e-01 Pobj:  5.0923366e-01 Ad: 7.22e-01 Dobj:  5.0940968e-01 
Iter: 45 Ap: 5.16e-01 Pobj:  5.0925669e-01 Ad: 9.75e-01 Dobj:  5.0939547e-01 
Iter: 46 Ap: 8.58e-01 Pobj:  5.0930108e-01 Ad: 1.00e+00 Dobj:  5.0938053e-01 
Iter: 47 Ap: 1.00e+00 Pobj:  5.0933432e-01 Ad: 1.00e+00 Dobj:  5.0936959e-01 
Iter: 48 Ap: 1.00e+00 Pobj:  5.0935394e-01 Ad: 1.00e+00 Dobj:  5.0936298e-01 
Iter: 49 Ap: 7.95e-01 Pobj:  5.0935599e-01 Ad: 1.00e+00 Dobj:  5.0936194e-01 
Iter: 50 Ap: 1.00e+00 Pobj:  5.0936173e-01 Ad: 1.00e+00 Dobj:  5.0936066e-01 
Iter: 51 Ap: 1.00e+00 Pobj:  5.0936945e-01 Ad: 8.37e-01 Dobj:  5.0936253e-01 
Iter: 52 Ap: 1.00e+00 Pobj:  5.0937109e-01 Ad: 9.71e-01 Dobj:  5.0937053e-01 
Iter: 53 Ap: 1.00e+00 Pobj:  5.0937158e-01 Ad: 9.95e-01 Dobj:  5.0937155e-01 
Iter: 54 Ap: 9.60e-01 Pobj:  5.0937164e-01 Ad: 8.71e-01 Dobj:  5.0937162e-01 
Success: SDP solved
Primal objective value: 5.0937164e-01 
Dual objective value: 5.0937162e-01 
Relative primal infeasibility: 3.45e-11 
Relative dual infeasibility: 6.35e-10 
Real Relative Gap: -6.27e-09 
XZ Relative Gap: 2.78e-09 
DIMACS error measures: 4.87e-10 0.00e+00 3.65e-09 0.00e+00 -6.27e-09 2.78e-09
Elements time: 10147.454314 
Factor time: 6876.405347 
Other time: 824.568657 
Total time: 17848.428318 
