CSDP 6.2.0
Iter:  0 Ap: 0.00e+00 Pobj:  5.1214128e+05 Ad: 0.00e+00 Dobj:  0.0000000e+00 
Iter:  1 Ap: 1.04e-01 Pobj:  2.0277620e+04 Ad: 1.45e-01 Dobj:  2.1486951e+01 
Iter:  2 Ap: 6.34e-02 Pobj:  2.2390774e+04 Ad: 2.83e-01 Dobj:  1.8969042e+02 
Iter:  3 Ap: 7.59e-02 Pobj:  1.9733044e+04 Ad: 4.54e-01 Dobj:  8.3698608e+02 
Iter:  4 Ap: 1.90e-01 Pobj:  1.2360213e+04 Ad: 3.44e-01 Dobj:  1.6913388e+03 
Iter:  5 Ap: 8.88e-02 Pobj:  9.9790010e+03 Ad: 3.45e-01 Dobj:  3.1165939e+03 
Iter:  6 Ap: 1.31e-01 Pobj:  7.3622583e+03 Ad: 3.74e-01 Dobj:  5.2620977e+03 
Iter:  7 Ap: 1.41e-01 Pobj:  5.3995173e+03 Ad: 2.08e-01 Dobj:  6.7780232e+03 
Iter:  8 Ap: 8.26e-02 Pobj:  4.5474494e+03 Ad: 3.22e-01 Dobj:  9.6931412e+03 
Iter:  9 Ap: 7.22e-02 Pobj:  3.9476225e+03 Ad: 1.53e-01 Dobj:  1.1315594e+04 
Iter: 10 Ap: 1.22e-01 Pobj:  3.0478679e+03 Ad: 3.50e-01 Dobj:  1.5629687e+04 
Iter: 11 Ap: 1.87e-01 Pobj:  2.0568636e+03 Ad: 5.19e-01 Dobj:  2.2754008e+04 
Iter: 12 Ap: 3.29e-01 Pobj:  1.0173130e+03 Ad: 9.09e-01 Dobj:  3.5214952e+04 
Iter: 13 Ap: 4.44e-01 Pobj:  4.6802231e+02 Ad: 1.00e+00 Dobj:  4.2885060e+04 
Iter: 14 Ap: 7.96e-01 Pobj:  6.6191598e+01 Ad: 1.00e+00 Dobj:  4.6200175e+04 
Iter: 15 Ap: 8.57e-01 Pobj:  6.4125281e+00 Ad: 1.00e+00 Dobj:  4.8678049e+04 
Iter: 16 Ap: 8.57e-01 Pobj:  6.3005225e-01 Ad: 1.00e+00 Dobj:  5.1191572e+04 
Iter: 17 Ap: 8.29e-01 Pobj:  7.2730721e-02 Ad: 1.00e+00 Dobj:  5.4517543e+04 
Iter: 18 Ap: 7.27e-01 Pobj:  1.2824744e-02 Ad: 1.00e+00 Dobj:  6.1180211e+04 
Iter: 19 Ap: 6.17e-01 Pobj:  3.0801620e-03 Ad: 1.00e+00 Dobj:  7.3559001e+04 
Iter: 20 Ap: 6.36e-01 Pobj:  6.5650832e-04 Ad: 1.00e+00 Dobj:  8.7977115e+04 
Iter: 21 Ap: 5.29e-01 Pobj:  2.7068045e-04 Ad: 5.96e-01 Dobj:  9.6982095e+04 
Iter: 22 Ap: 2.73e-01 Pobj:  2.0466749e-04 Ad: 8.75e-01 Dobj:  1.1088987e+05 
Iter: 23 Ap: 9.59e-02 Pobj:  1.8951669e-04 Ad: 6.50e-01 Dobj:  1.1980310e+05 
Iter: 24 Ap: 4.05e-01 Pobj:  1.3404906e-04 Ad: 8.41e-01 Dobj:  1.2197471e+05 
Iter: 25 Ap: 5.21e-01 Pobj:  9.7197467e-05 Ad: 1.00e+00 Dobj:  1.0068995e+05 
Iter: 26 Ap: 1.00e+00 Pobj:  6.6504860e-05 Ad: 1.00e+00 Dobj:  5.4674206e+04 
Iter: 27 Ap: 1.00e+00 Pobj:  6.6430067e-05 Ad: 9.66e-01 Dobj:  3.9482293e+03 
Iter: 28 Ap: 1.00e+00 Pobj:  6.6444611e-05 Ad: 9.68e-01 Dobj:  2.9076307e+02 
Iter: 29 Ap: 1.00e+00 Pobj:  6.7705621e-05 Ad: 9.77e-01 Dobj:  2.1369306e+01 
Iter: 30 Ap: 1.00e+00 Pobj:  9.0343380e-05 Ad: 1.00e+00 Dobj:  3.6951910e+00 
Iter: 31 Ap: 1.00e+00 Pobj:  2.0238252e-03 Ad: 1.00e+00 Dobj:  2.9648065e+00 
Iter: 32 Ap: 1.76e-02 Pobj:  2.4396298e-01 Ad: 2.29e-02 Dobj:  3.2731564e+00 
Iter: 33 Ap: 9.63e-02 Pobj:  5.0461678e-01 Ad: 1.05e-01 Dobj:  3.5245683e+00 
Iter: 34 Ap: 2.46e-02 Pobj:  5.3957262e-01 Ad: 1.17e-01 Dobj:  3.6554327e+00 
Iter: 35 Ap: 1.02e-01 Pobj:  6.5878960e-01 Ad: 3.11e-01 Dobj:  3.7905927e+00 
Iter: 36 Ap: 2.61e-01 Pobj:  8.6780017e-01 Ad: 1.00e+00 Dobj:  3.9470217e+00 
Iter: 37 Ap: 6.33e-01 Pobj:  1.2455442e+00 Ad: 1.00e+00 Dobj:  3.4012963e+00 
Iter: 38 Ap: 6.30e-01 Pobj:  1.3720485e+00 Ad: 1.00e+00 Dobj:  2.9982218e+00 
Iter: 39 Ap: 8.01e-01 Pobj:  1.5791273e+00 Ad: 1.00e+00 Dobj:  2.5837772e+00 
Iter: 40 Ap: 6.73e-01 Pobj:  1.6479490e+00 Ad: 1.00e+00 Dobj:  2.3877267e+00 
Iter: 41 Ap: 7.31e-01 Pobj:  1.7571800e+00 Ad: 1.00e+00 Dobj:  2.2338196e+00 
Iter: 42 Ap: 8.26e-01 Pobj:  1.8360291e+00 Ad: 1.00e+00 Dobj:  2.1959439e+00 
Iter: 43 Ap: 8.02e-01 Pobj:  1.9070450e+00 Ad: 1.00e+00 Dobj:  2.1315958e+00 
Iter: 44 Ap: 8.10e-01 Pobj:  1.9475076e+00 Ad: 1.00e+00 Dobj:  2.1078264e+00 
Iter: 45 Ap: 8.66e-01 Pobj:  1.9840871e+00 Ad: 1.00e+00 Dobj:  2.0741751e+00 
Iter: 46 Ap: 8.57e-01 Pobj:  2.0003665e+00 Ad: 1.00e+00 Dobj:  2.0614396e+00 
Iter: 47 Ap: 9.45e-01 Pobj:  2.0145205e+00 Ad: 1.00e+00 Dobj:  2.0477953e+00 
Iter: 48 Ap: 9.80e-01 Pobj:  2.0218993e+00 Ad: 1.00e+00 Dobj:  2.0405852e+00 
Iter: 49 Ap: 1.00e+00 Pobj:  2.0260518e+00 Ad: 1.00e+00 Dobj:  2.0362443e+00 
Iter: 50 Ap: 1.00e+00 Pobj:  2.0288512e+00 Ad: 1.00e+00 Dobj:  2.0332919e+00 
Iter: 51 Ap: 1.00e+00 Pobj:  2.0300635e+00 Ad: 1.00e+00 Dobj:  2.0320617e+00 
Iter: 52 Ap: 9.01e-01 Pobj:  2.0305804e+00 Ad: 1.00e+00 Dobj:  2.0315035e+00 
Iter: 53 Ap: 7.22e-01 Pobj:  2.0307008e+00 Ad: 1.00e+00 Dobj:  2.0314128e+00 
Iter: 54 Ap: 9.47e-01 Pobj:  2.0308580e+00 Ad: 1.00e+00 Dobj:  2.0313019e+00 
Iter: 55 Ap: 1.00e+00 Pobj:  2.0309855e+00 Ad: 1.00e+00 Dobj:  2.0311994e+00 
Iter: 56 Ap: 1.00e+00 Pobj:  2.0310847e+00 Ad: 1.00e+00 Dobj:  2.0311200e+00 
Iter: 57 Ap: 9.52e-01 Pobj:  2.0311001e+00 Ad: 1.00e+00 Dobj:  2.0311106e+00 
Iter: 58 Ap: 1.00e+00 Pobj:  2.0311183e+00 Ad: 1.00e+00 Dobj:  2.0310984e+00 
Iter: 59 Ap: 1.00e+00 Pobj:  2.0311425e+00 Ad: 1.00e+00 Dobj:  2.0310840e+00 
Iter: 60 Ap: 1.00e+00 Pobj:  2.0311493e+00 Ad: 1.00e+00 Dobj:  2.0311205e+00 
Iter: 61 Ap: 1.00e+00 Pobj:  2.0311548e+00 Ad: 1.00e+00 Dobj:  2.0311439e+00 
Iter: 62 Ap: 1.00e+00 Pobj:  2.0311572e+00 Ad: 1.00e+00 Dobj:  2.0311550e+00 
Iter: 63 Ap: 1.00e+00 Pobj:  2.0311580e+00 Ad: 1.00e+00 Dobj:  2.0311577e+00 
Iter: 64 Ap: 9.19e-01 Pobj:  2.0311581e+00 Ad: 8.46e-01 Dobj:  2.0311580e+00 
Success: SDP solved
Primal objective value: 2.0311581e+00 
Dual objective value: 2.0311580e+00 
Relative primal infeasibility: 6.25e-11 
Relative dual infeasibility: 6.31e-10 
Real Relative Gap: -1.60e-08 
XZ Relative Gap: 6.29e-09 
DIMACS error measures: 9.25e-10 0.00e+00 3.79e-09 0.00e+00 -1.60e-08 6.29e-09
Elements time: 11791.470021 
Factor time: 6663.164912 
Other time: 706.565385 
Total time: 19161.200318 
