CSDP 6.2.0
Iter:  0 Ap: 0.00e+00 Pobj:  4.0539106e+01 Ad: 0.00e+00 Dobj:  0.0000000e+00 
Iter:  1 Ap: 8.00e-02 Pobj:  1.6034329e+00 Ad: 1.53e-01 Dobj:  5.8583223e+02 
Iter:  2 Ap: 2.69e-02 Pobj:  1.4164210e+00 Ad: 3.15e-01 Dobj:  4.6112865e+03 
Iter:  3 Ap: 6.59e-02 Pobj:  1.1074417e+00 Ad: 4.17e-01 Dobj:  1.6141428e+04 
Iter:  4 Ap: 2.25e-01 Pobj:  7.2138094e-01 Ad: 8.94e-01 Dobj:  3.7029897e+04 
Iter:  5 Ap: 1.86e-01 Pobj:  4.8116415e-01 Ad: 6.53e-01 Dobj:  6.1949258e+04 
Iter:  6 Ap: 2.83e-01 Pobj:  2.5578694e-01 Ad: 8.90e-01 Dobj:  1.0758628e+05 
Iter:  7 Ap: 6.99e-01 Pobj:  4.6728227e-02 Ad: 1.00e+00 Dobj:  1.2037174e+05 
Iter:  8 Ap: 6.88e-01 Pobj:  1.0514882e-02 Ad: 1.00e+00 Dobj:  1.1376937e+05 
Iter:  9 Ap: 6.74e-01 Pobj:  2.8645202e-03 Ad: 1.00e+00 Dobj:  8.5869384e+04 
Iter: 10 Ap: 7.44e-01 Pobj:  7.3778728e-04 Ad: 1.00e+00 Dobj:  5.3479371e+04 
Iter: 11 Ap: 7.26e-01 Pobj:  2.7067667e-04 Ad: 9.32e-01 Dobj:  3.4791757e+04 
Iter: 12 Ap: 5.44e-01 Pobj:  1.9078998e-04 Ad: 1.00e+00 Dobj:  2.0828009e+04 
Iter: 13 Ap: 1.00e+00 Pobj:  1.2833693e-04 Ad: 1.00e+00 Dobj:  8.6536144e+03 
Iter: 14 Ap: 1.00e+00 Pobj:  1.2783262e-04 Ad: 9.82e-01 Dobj:  4.9196428e+02 
Iter: 15 Ap: 1.00e+00 Pobj:  1.2776311e-04 Ad: 9.93e-01 Dobj:  2.4239694e+01 
Iter: 16 Ap: 1.00e+00 Pobj:  1.3622983e-04 Ad: 1.00e+00 Dobj:  1.7804710e+00 
Iter: 17 Ap: 1.00e+00 Pobj:  4.6882042e-04 Ad: 1.00e+00 Dobj:  8.7704506e-01 
Iter: 18 Ap: 4.67e-01 Pobj:  9.9843389e-02 Ad: 6.62e-01 Dobj:  9.6005866e-01 
Iter: 19 Ap: 7.11e-01 Pobj:  1.1771154e-01 Ad: 1.00e+00 Dobj:  7.3660493e-01 
Iter: 20 Ap: 1.00e+00 Pobj:  1.6211985e-01 Ad: 1.00e+00 Dobj:  4.3925096e-01 
Iter: 21 Ap: 1.00e+00 Pobj:  1.7075148e-01 Ad: 1.00e+00 Dobj:  3.3642471e-01 
Iter: 22 Ap: 1.00e+00 Pobj:  1.8806870e-01 Ad: 1.00e+00 Dobj:  2.5398590e-01 
Iter: 23 Ap: 8.91e-01 Pobj:  1.9518803e-01 Ad: 1.00e+00 Dobj:  2.2337117e-01 
Iter: 24 Ap: 1.00e+00 Pobj:  1.9998261e-01 Ad: 1.00e+00 Dobj:  2.0805662e-01 
Iter: 25 Ap: 1.00e+00 Pobj:  2.0124368e-01 Ad: 1.00e+00 Dobj:  2.0308926e-01 
Iter: 26 Ap: 1.00e+00 Pobj:  2.0153984e-01 Ad: 9.96e-01 Dobj:  2.0192658e-01 
Iter: 27 Ap: 2.21e-01 Pobj:  2.0154744e-01 Ad: 1.62e-01 Dobj:  2.0191945e-01 
Iter: 28 Ap: 2.97e-01 Pobj:  2.0155696e-01 Ad: 4.93e-01 Dobj:  2.0187847e-01 
Iter: 29 Ap: 4.64e-01 Pobj:  2.0157767e-01 Ad: 9.68e-01 Dobj:  2.0177284e-01 
Iter: 30 Ap: 8.97e-01 Pobj:  2.0161861e-01 Ad: 1.00e+00 Dobj:  2.0172401e-01 
Iter: 31 Ap: 1.00e+00 Pobj:  2.0163417e-01 Ad: 1.00e+00 Dobj:  2.0169121e-01 
Iter: 32 Ap: 9.92e-01 Pobj:  2.0164627e-01 Ad: 1.00e+00 Dobj:  2.0166699e-01 
Iter: 33 Ap: 9.20e-01 Pobj:  2.0164908e-01 Ad: 1.00e+00 Dobj:  2.0166149e-01 
Iter: 34 Ap: 6.90e-01 Pobj:  2.0165090e-01 Ad: 1.00e+00 Dobj:  2.0165888e-01 
Iter: 35 Ap: 7.86e-01 Pobj:  2.0165331e-01 Ad: 1.00e+00 Dobj:  2.0165681e-01 
Iter: 36 Ap: 1.00e+00 Pobj:  2.0165708e-01 Ad: 1.00e+00 Dobj:  2.0165441e-01 
Iter: 37 Ap: 1.00e+00 Pobj:  2.0165902e-01 Ad: 1.00e+00 Dobj:  2.0165307e-01 
Iter: 38 Ap: 1.00e+00 Pobj:  2.0165979e-01 Ad: 1.00e+00 Dobj:  2.0165850e-01 
Iter: 39 Ap: 1.00e+00 Pobj:  2.0166006e-01 Ad: 1.00e+00 Dobj:  2.0165992e-01 
Iter: 40 Ap: 9.60e-01 Pobj:  2.0166010e-01 Ad: 9.38e-01 Dobj:  2.0166008e-01 
Success: SDP solved
Primal objective value: 2.0166010e-01 
Dual objective value: 2.0166008e-01 
Relative primal infeasibility: 4.44e-13 
Relative dual infeasibility: 1.17e-09 
Real Relative Gap: -1.11e-08 
XZ Relative Gap: 6.49e-09 
DIMACS error measures: 1.28e-11 0.00e+00 3.29e-09 0.00e+00 -1.11e-08 6.49e-09
Elements time: 80.600222 
Factor time: 37.431857 
Other time: 184.639588 
Total time: 302.671667 
